INFO: [VRFC 10-163] Analyzing VHDL file "/home/mecaliff/Bureau/4A/S8/PSI/Processeur/Processeur.srcs/sources_1/new/ALU.vhd" into library xil_defaultlib
INFO: [VRFC 10-307] analyzing entity ALU
INFO: [VRFC 10-163] Analyzing VHDL file "/home/mecaliff/Bureau/4A/S8/PSI/Processeur/Processeur.srcs/sim_1/new/Test_ALU.vhd" into library xil_defaultlib
INFO: [VRFC 10-307] analyzing entity Test_ALU
INFO: [VRFC 10-163] Analyzing VHDL file "/home/mecaliff/Bureau/4A/S8/PSI/Processeur/Processeur.srcs/sources_1/new/Banc_Registre.vhd" into library xil_defaultlib
INFO: [VRFC 10-307] analyzing entity Banc_Registre
INFO: [VRFC 10-163] Analyzing VHDL file "/home/mecaliff/Bureau/4A/S8/PSI/Processeur/Processeur.srcs/sources_1/new/Instruction_Memory.vhd" into library xil_defaultlib
INFO: [VRFC 10-307] analyzing entity Instruction_Memory
INFO: [VRFC 10-163] Analyzing VHDL file "/home/mecaliff/Bureau/4A/S8/PSI/Processeur/Processeur.srcs/sources_1/new/Pipeline.vhd" into library xil_defaultlib
INFO: [VRFC 10-307] analyzing entity Pipeline
INFO: [VRFC 10-163] Analyzing VHDL file "/home/mecaliff/Bureau/4A/S8/PSI/Processeur/Processeur.srcs/sources_1/new/Processeur.vhd" into library xil_defaultlib
INFO: [VRFC 10-307] analyzing entity Processeur
INFO: [VRFC 10-163] Analyzing VHDL file "/home/mecaliff/Bureau/4A/S8/PSI/Processeur/Processeur.srcs/sim_1/new/Test_Processeur.vhd" into library xil_defaultlib
INFO: [VRFC 10-307] analyzing entity Test_Processeur
INFO: [VRFC 10-163] Analyzing VHDL file "/home/mecaliff/Bureau/4A/S8/PSI/Processeur/Processeur.srcs/sim_1/new/Test_Processeur.vhd" into library xil_defaultlib
INFO: [VRFC 10-307] analyzing entity Test_Processeur
INFO: [VRFC 10-163] Analyzing VHDL file "/home/mecaliff/Bureau/4A/S8/PSI/Processeur/Processeur.srcs/sources_1/new/Processeur.vhd" into library xil_defaultlib
INFO: [VRFC 10-307] analyzing entity Processeur
INFO: [VRFC 10-163] Analyzing VHDL file "/home/mecaliff/Bureau/4A/S8/PSI/Processeur/Processeur.srcs/sources_1/new/Processeur.vhd" into library xil_defaultlib
INFO: [VRFC 10-307] analyzing entity Processeur
INFO: [VRFC 10-163] Analyzing VHDL file "/home/mecaliff/Bureau/4A/S8/PSI/Processeur/Processeur.srcs/sim_1/new/Test_Processeur.vhd" into library xil_defaultlib
INFO: [VRFC 10-307] analyzing entity Test_Processeur
INFO: [VRFC 10-163] Analyzing VHDL file "/home/mecaliff/Bureau/4A/S8/PSI/Processeur/Processeur.srcs/sim_1/new/Test_Banc_Registre.vhd" into library xil_defaultlib
INFO: [VRFC 10-307] analyzing entity Test_Banc_Registre
INFO: [VRFC 10-163] Analyzing VHDL file "/home/mecaliff/Bureau/4A/S8/PSI/Processeur/Processeur.srcs/sources_1/new/Processeur.vhd" into library xil_defaultlib
INFO: [VRFC 10-307] analyzing entity Processeur
INFO: [VRFC 10-163] Analyzing VHDL file "/home/mecaliff/Bureau/4A/S8/PSI/Processeur/Processeur.srcs/sim_1/new/Test_Processeur.vhd" into library xil_defaultlib
INFO: [VRFC 10-307] analyzing entity Test_Processeur
INFO: [VRFC 10-163] Analyzing VHDL file "/home/mecaliff/Bureau/4A/S8/PSI/Processeur/Processeur.srcs/sources_1/new/Processeur.vhd" into library xil_defaultlib
INFO: [VRFC 10-307] analyzing entity Processeur
INFO: [VRFC 10-163] Analyzing VHDL file "/home/mecaliff/Bureau/4A/S8/PSI/Processeur/Processeur.srcs/sources_1/new/Processeur.vhd" into library xil_defaultlib
INFO: [VRFC 10-307] analyzing entity Processeur
INFO: [VRFC 10-163] Analyzing VHDL file "/home/mecaliff/Bureau/4A/S8/PSI/Processeur/Processeur.srcs/sim_1/new/Test_Processeur.vhd" into library xil_defaultlib
INFO: [VRFC 10-307] analyzing entity Test_Processeur
INFO: [VRFC 10-163] Analyzing VHDL file "/home/mecaliff/Bureau/4A/S8/PSI/Processeur/Processeur.srcs/sources_1/new/Processeur.vhd" into library xil_defaultlib
INFO: [VRFC 10-307] analyzing entity Processeur
INFO: [VRFC 10-163] Analyzing VHDL file "/home/mecaliff/Bureau/4A/S8/PSI/Processeur/Processeur.srcs/sim_1/new/Test_Processeur.vhd" into library xil_defaultlib
INFO: [VRFC 10-307] analyzing entity Test_Processeur
INFO: [VRFC 10-163] Analyzing VHDL file "/home/mecaliff/Bureau/4A/S8/PSI/Processeur/Processeur.srcs/sim_1/new/Test_Processeur.vhd" into library xil_defaultlib
INFO: [VRFC 10-307] analyzing entity Test_Processeur
INFO: [VRFC 10-163] Analyzing VHDL file "/home/mecaliff/Bureau/4A/S8/PSI/Processeur/Processeur.srcs/sim_1/new/Test_Processeur.vhd" into library xil_defaultlib
INFO: [VRFC 10-307] analyzing entity Test_Processeur
INFO: [VRFC 10-163] Analyzing VHDL file "/home/mecaliff/Bureau/4A/S8/PSI/Processeur/Processeur.srcs/sources_1/new/Processeur.vhd" into library xil_defaultlib
INFO: [VRFC 10-307] analyzing entity Processeur
INFO: [VRFC 10-163] Analyzing VHDL file "/home/mecaliff/Bureau/4A/S8/PSI/Processeur/Processeur.srcs/sources_1/new/ALU.vhd" into library xil_defaultlib
INFO: [VRFC 10-307] analyzing entity ALU
INFO: [VRFC 10-163] Analyzing VHDL file "/home/mecaliff/Bureau/4A/S8/PSI/Processeur/Processeur.srcs/sources_1/new/Instruction_Memory.vhd" into library xil_defaultlib
INFO: [VRFC 10-307] analyzing entity Instruction_Memory
INFO: [VRFC 10-163] Analyzing VHDL file "/home/mecaliff/Bureau/4A/S8/PSI/Processeur/Processeur.srcs/sources_1/new/Processeur.vhd" into library xil_defaultlib
INFO: [VRFC 10-307] analyzing entity Processeur
INFO: [VRFC 10-163] Analyzing VHDL file "/home/mecaliff/Bureau/4A/S8/PSI/Processeur/Processeur.srcs/sim_1/new/Test_Processeur.vhd" into library xil_defaultlib
INFO: [VRFC 10-307] analyzing entity Test_Processeur
INFO: [VRFC 10-163] Analyzing VHDL file "/home/mecaliff/Bureau/4A/S8/PSI/Processeur/Processeur.srcs/sources_1/new/Instruction_Memory.vhd" into library xil_defaultlib
INFO: [VRFC 10-307] analyzing entity Instruction_Memory
INFO: [VRFC 10-163] Analyzing VHDL file "/home/mecaliff/Bureau/4A/S8/PSI/Processeur/Processeur.srcs/sim_1/new/Test_Instruction_Memory.vhd" into library xil_defaultlib
INFO: [VRFC 10-307] analyzing entity Test_Instruction_Memory
INFO: [VRFC 10-163] Analyzing VHDL file "/home/mecaliff/Bureau/4A/S8/PSI/Processeur/Processeur.srcs/sim_1/new/Test_Instruction_Memory.vhd" into library xil_defaultlib
INFO: [VRFC 10-307] analyzing entity Test_Instruction_Memory
INFO: [VRFC 10-163] Analyzing VHDL file "/home/mecaliff/Bureau/4A/S8/PSI/Processeur/Processeur.srcs/sources_1/new/Instruction_Memory.vhd" into library xil_defaultlib
INFO: [VRFC 10-307] analyzing entity Instruction_Memory
INFO: [VRFC 10-163] Analyzing VHDL file "/home/mecaliff/Bureau/4A/S8/PSI/Processeur/Processeur.srcs/sources_1/new/Instruction_Memory.vhd" into library xil_defaultlib
INFO: [VRFC 10-307] analyzing entity Instruction_Memory
INFO: [VRFC 10-163] Analyzing VHDL file "/home/mecaliff/Bureau/4A/S8/PSI/Processeur/Processeur.srcs/sources_1/new/Instruction_Memory.vhd" into library xil_defaultlib
INFO: [VRFC 10-307] analyzing entity Instruction_Memory
INFO: [VRFC 10-163] Analyzing VHDL file "/home/mecaliff/Bureau/4A/S8/PSI/Processeur/Processeur.srcs/sim_1/new/Test_Instruction_Memory.vhd" into library xil_defaultlib
INFO: [VRFC 10-307] analyzing entity Test_Instruction_Memory
INFO: [VRFC 10-163] Analyzing VHDL file "/home/mecaliff/Bureau/4A/S8/PSI/Processeur/Processeur.srcs/sources_1/new/Instruction_Memory.vhd" into library xil_defaultlib
INFO: [VRFC 10-307] analyzing entity Instruction_Memory
INFO: [VRFC 10-163] Analyzing VHDL file "/home/mecaliff/Bureau/4A/S8/PSI/Processeur/Processeur.srcs/sources_1/new/Instruction_Memory.vhd" into library xil_defaultlib
INFO: [VRFC 10-307] analyzing entity Instruction_Memory
INFO: [VRFC 10-163] Analyzing VHDL file "/home/mecaliff/Bureau/4A/S8/PSI/Processeur/Processeur.srcs/sources_1/new/Instruction_Memory.vhd" into library xil_defaultlib
INFO: [VRFC 10-307] analyzing entity Instruction_Memory
INFO: [VRFC 10-163] Analyzing VHDL file "/home/mecaliff/Bureau/4A/S8/PSI/Processeur/Processeur.srcs/sim_1/new/Test_Processeur.vhd" into library xil_defaultlib
INFO: [VRFC 10-307] analyzing entity Test_Processeur
INFO: [VRFC 10-163] Analyzing VHDL file "/home/mecaliff/Bureau/4A/S8/PSI/Processeur/Processeur.srcs/sources_1/new/Instruction_Memory.vhd" into library xil_defaultlib
INFO: [VRFC 10-307] analyzing entity Instruction_Memory
INFO: [VRFC 10-163] Analyzing VHDL file "/home/mecaliff/Bureau/4A/S8/PSI/Processeur/Processeur.srcs/sim_1/new/Test_Processeur.vhd" into library xil_defaultlib
INFO: [VRFC 10-307] analyzing entity Test_Processeur
INFO: [VRFC 10-163] Analyzing VHDL file "/home/mecaliff/Bureau/4A/S8/PSI/Processeur/Processeur.srcs/sources_1/new/Processeur.vhd" into library xil_defaultlib
INFO: [VRFC 10-307] analyzing entity Processeur
INFO: [VRFC 10-163] Analyzing VHDL file "/home/mecaliff/Bureau/4A/S8/PSI/Processeur/Processeur.srcs/sources_1/new/Processeur.vhd" into library xil_defaultlib
INFO: [VRFC 10-307] analyzing entity Processeur
INFO: [VRFC 10-163] Analyzing VHDL file "/home/mecaliff/Bureau/4A/S8/PSI/Processeur/Processeur.srcs/sources_1/new/Processeur.vhd" into library xil_defaultlib
INFO: [VRFC 10-307] analyzing entity Processeur
INFO: [VRFC 10-163] Analyzing VHDL file "/home/mecaliff/Bureau/4A/S8/PSI/Processeur/Processeur.srcs/sources_1/new/Instruction_Memory.vhd" into library xil_defaultlib
INFO: [VRFC 10-307] analyzing entity Instruction_Memory
INFO: [VRFC 10-163] Analyzing VHDL file "/home/mecaliff/Bureau/4A/S8/PSI/Processeur/Processeur.srcs/sources_1/new/Instruction_Memory.vhd" into library xil_defaultlib
INFO: [VRFC 10-307] analyzing entity Instruction_Memory
INFO: [VRFC 10-163] Analyzing VHDL file "/home/mecaliff/Bureau/4A/S8/PSI/Processeur/Processeur.srcs/sources_1/new/Instruction_Memory.vhd" into library xil_defaultlib
INFO: [VRFC 10-307] analyzing entity Instruction_Memory
INFO: [VRFC 10-163] Analyzing VHDL file "/home/mecaliff/Bureau/4A/S8/PSI/Processeur/Processeur.srcs/sources_1/new/Instruction_Memory.vhd" into library xil_defaultlib
INFO: [VRFC 10-307] analyzing entity Instruction_Memory
INFO: [VRFC 10-163] Analyzing VHDL file "/home/mecaliff/Bureau/4A/S8/PSI/Processeur/Processeur.srcs/sources_1/new/Instruction_Memory.vhd" into library xil_defaultlib
INFO: [VRFC 10-307] analyzing entity Instruction_Memory
INFO: [VRFC 10-163] Analyzing VHDL file "/home/mecaliff/Bureau/4A/S8/PSI/Processeur/Processeur.srcs/sources_1/new/Data_Memory.vhd" into library xil_defaultlib
INFO: [VRFC 10-307] analyzing entity Data_Memory
INFO: [VRFC 10-163] Analyzing VHDL file "/home/mecaliff/Bureau/4A/S8/PSI/Processeur/Processeur.srcs/sources_1/new/Instruction_Memory.vhd" into library xil_defaultlib
INFO: [VRFC 10-307] analyzing entity Instruction_Memory
INFO: [VRFC 10-163] Analyzing VHDL file "/home/mecaliff/Bureau/4A/S8/PSI/Processeur/Processeur.srcs/sources_1/new/Processeur.vhd" into library xil_defaultlib
INFO: [VRFC 10-307] analyzing entity Processeur
INFO: [VRFC 10-163] Analyzing VHDL file "/home/mecaliff/Bureau/4A/S8/PSI/Processeur/Processeur.srcs/sim_1/new/Test_Processeur.vhd" into library xil_defaultlib
INFO: [VRFC 10-307] analyzing entity Test_Processeur
INFO: [VRFC 10-163] Analyzing VHDL file "/home/mecaliff/Bureau/4A/S8/PSI/Processeur/Processeur.srcs/sources_1/new/Data_Memory.vhd" into library xil_defaultlib
INFO: [VRFC 10-307] analyzing entity Data_Memory
INFO: [VRFC 10-163] Analyzing VHDL file "/home/mecaliff/Bureau/4A/S8/PSI/Processeur/Processeur.srcs/sources_1/new/Data_Memory.vhd" into library xil_defaultlib
INFO: [VRFC 10-307] analyzing entity Data_Memory
INFO: [VRFC 10-163] Analyzing VHDL file "/home/mecaliff/Bureau/4A/S8/PSI/Processeur/Processeur.srcs/sources_1/new/Processeur.vhd" into library xil_defaultlib
INFO: [VRFC 10-307] analyzing entity Processeur
INFO: [VRFC 10-163] Analyzing VHDL file "/home/mecaliff/Bureau/4A/S8/PSI/Processeur/Processeur.srcs/sources_1/new/Processeur.vhd" into library xil_defaultlib
INFO: [VRFC 10-307] analyzing entity Processeur
INFO: [VRFC 10-163] Analyzing VHDL file "/home/mecaliff/Bureau/4A/S8/PSI/Processeur/Processeur.srcs/sources_1/new/Instruction_Memory.vhd" into library xil_defaultlib
INFO: [VRFC 10-307] analyzing entity Instruction_Memory
INFO: [VRFC 10-163] Analyzing VHDL file "/home/mecaliff/Bureau/4A/S8/PSI/Processeur/Processeur.srcs/sources_1/new/Processeur.vhd" into library xil_defaultlib
INFO: [VRFC 10-307] analyzing entity Processeur
INFO: [VRFC 10-163] Analyzing VHDL file "/home/mecaliff/Bureau/4A/S8/PSI/Processeur/Processeur.srcs/sim_1/new/Test_Processeur.vhd" into library xil_defaultlib
INFO: [VRFC 10-307] analyzing entity Test_Processeur
INFO: [VRFC 10-163] Analyzing VHDL file "/home/mecaliff/Bureau/4A/S8/PSI/Processeur/Processeur.srcs/sources_1/new/Instruction_Memory.vhd" into library xil_defaultlib
INFO: [VRFC 10-307] analyzing entity Instruction_Memory
INFO: [VRFC 10-163] Analyzing VHDL file "/home/mecaliff/Bureau/4A/S8/PSI/Processeur/Processeur.srcs/sim_1/new/Test_Processeur.vhd" into library xil_defaultlib
INFO: [VRFC 10-307] analyzing entity Test_Processeur
INFO: [VRFC 10-163] Analyzing VHDL file "/home/mecaliff/Bureau/4A/S8/PSI/Processeur/Processeur.srcs/sources_1/new/Data_Memory.vhd" into library xil_defaultlib
INFO: [VRFC 10-307] analyzing entity Data_Memory
INFO: [VRFC 10-163] Analyzing VHDL file "/home/mecaliff/Bureau/4A/S8/PSI/Processeur/Processeur.srcs/sources_1/new/Processeur.vhd" into library xil_defaultlib
INFO: [VRFC 10-307] analyzing entity Processeur
INFO: [VRFC 10-163] Analyzing VHDL file "/home/mecaliff/Bureau/4A/S8/PSI/Processeur/Processeur.srcs/sim_1/new/Test_Processeur.vhd" into library xil_defaultlib
INFO: [VRFC 10-307] analyzing entity Test_Processeur
INFO: [VRFC 10-163] Analyzing VHDL file "/home/mecaliff/Bureau/4A/S8/PSI/Processeur/Processeur.srcs/sources_1/new/Processeur.vhd" into library xil_defaultlib
INFO: [VRFC 10-307] analyzing entity Processeur
INFO: [VRFC 10-163] Analyzing VHDL file "/home/mecaliff/Bureau/4A/S8/PSI/Processeur/Processeur.srcs/sources_1/new/Data_Memory.vhd" into library xil_defaultlib
INFO: [VRFC 10-307] analyzing entity Data_Memory
INFO: [VRFC 10-163] Analyzing VHDL file "/home/mecaliff/Bureau/4A/S8/PSI/Processeur/Processeur.srcs/sources_1/new/Processeur.vhd" into library xil_defaultlib
INFO: [VRFC 10-307] analyzing entity Processeur
INFO: [VRFC 10-163] Analyzing VHDL file "/home/mecaliff/Bureau/4A/S8/PSI/Processeur/Processeur.srcs/sources_1/new/Processeur.vhd" into library xil_defaultlib
INFO: [VRFC 10-307] analyzing entity Processeur
INFO: [VRFC 10-163] Analyzing VHDL file "/home/mecaliff/Bureau/4A/S8/PSI/Processeur/Processeur.srcs/sources_1/new/Processeur.vhd" into library xil_defaultlib
INFO: [VRFC 10-307] analyzing entity Processeur
INFO: [VRFC 10-163] Analyzing VHDL file "/home/mecaliff/Bureau/4A/S8/PSI/Processeur/Processeur.srcs/sources_1/new/Data_Memory.vhd" into library xil_defaultlib
INFO: [VRFC 10-307] analyzing entity Data_Memory
INFO: [VRFC 10-163] Analyzing VHDL file "/home/mecaliff/Bureau/4A/S8/PSI/Processeur/Processeur.srcs/sources_1/new/Data_Memory.vhd" into library xil_defaultlib
INFO: [VRFC 10-307] analyzing entity Data_Memory
INFO: [VRFC 10-163] Analyzing VHDL file "/home/mecaliff/Bureau/4A/S8/PSI/Processeur/Processeur.srcs/sim_1/new/Test_Processeur.vhd" into library xil_defaultlib
INFO: [VRFC 10-307] analyzing entity Test_Processeur
INFO: [VRFC 10-163] Analyzing VHDL file "/home/mecaliff/Bureau/4A/S8/PSI/Processeur/Processeur.srcs/sources_1/new/Compteur_IP.vhd" into library xil_defaultlib
INFO: [VRFC 10-307] analyzing entity Compteur_IP
INFO: [VRFC 10-163] Analyzing VHDL file "/home/mecaliff/Bureau/4A/S8/PSI/Processeur/Processeur.srcs/sim_1/new/Test_Compteur_IP.vhd" into library xil_defaultlib
INFO: [VRFC 10-307] analyzing entity Test_Compteur_IP
INFO: [VRFC 10-163] Analyzing VHDL file "/home/mecaliff/Bureau/4A/S8/PSI/Processeur/Processeur.srcs/sources_1/new/Compteur_IP.vhd" into library xil_defaultlib
INFO: [VRFC 10-307] analyzing entity Compteur_IP
INFO: [VRFC 10-163] Analyzing VHDL file "/home/mecaliff/Bureau/4A/S8/PSI/Processeur/Processeur.srcs/sources_1/new/Compteur_IP.vhd" into library xil_defaultlib
INFO: [VRFC 10-307] analyzing entity Compteur_IP
INFO: [VRFC 10-163] Analyzing VHDL file "/home/mecaliff/Bureau/4A/S8/PSI/Processeur/Processeur.srcs/sim_1/new/Test_Compteur_IP.vhd" into library xil_defaultlib
INFO: [VRFC 10-307] analyzing entity Test_Compteur_IP
INFO: [VRFC 10-163] Analyzing VHDL file "/home/mecaliff/Bureau/4A/S8/PSI/Processeur/Processeur.srcs/sources_1/new/Instruction_Memory.vhd" into library xil_defaultlib
INFO: [VRFC 10-307] analyzing entity Instruction_Memory
INFO: [VRFC 10-163] Analyzing VHDL file "/home/mecaliff/Bureau/4A/S8/PSI/Processeur/Processeur.srcs/sources_1/new/Processeur.vhd" into library xil_defaultlib
INFO: [VRFC 10-307] analyzing entity Processeur
INFO: [VRFC 10-163] Analyzing VHDL file "/home/mecaliff/Bureau/4A/S8/PSI/Processeur/Processeur.srcs/sim_1/new/Test_Processeur.vhd" into library xil_defaultlib
INFO: [VRFC 10-307] analyzing entity Test_Processeur
INFO: [VRFC 10-163] Analyzing VHDL file "/home/mecaliff/Bureau/4A/S8/PSI/Processeur/Processeur.srcs/sources_1/new/Compteur_IP.vhd" into library xil_defaultlib
INFO: [VRFC 10-307] analyzing entity Compteur_IP
INFO: [VRFC 10-163] Analyzing VHDL file "/home/mecaliff/Bureau/4A/S8/PSI/Processeur/Processeur.srcs/sources_1/new/Instruction_Memory.vhd" into library xil_defaultlib
INFO: [VRFC 10-307] analyzing entity Instruction_Memory
INFO: [VRFC 10-163] Analyzing VHDL file "/home/mecaliff/Bureau/4A/S8/PSI/Processeur/Processeur.srcs/sources_1/new/Pipeline.vhd" into library xil_defaultlib
INFO: [VRFC 10-307] analyzing entity Pipeline
INFO: [VRFC 10-163] Analyzing VHDL file "/home/mecaliff/Bureau/4A/S8/PSI/Processeur/Processeur.srcs/sources_1/new/Processeur.vhd" into library xil_defaultlib
INFO: [VRFC 10-307] analyzing entity Processeur
INFO: [VRFC 10-163] Analyzing VHDL file "/home/mecaliff/Bureau/4A/S8/PSI/Processeur/Processeur.srcs/sources_1/new/Processeur.vhd" into library xil_defaultlib
INFO: [VRFC 10-307] analyzing entity Processeur
INFO: [VRFC 10-163] Analyzing VHDL file "/home/mecaliff/Bureau/4A/S8/PSI/Processeur/Processeur.srcs/sources_1/new/Processeur.vhd" into library xil_defaultlib
INFO: [VRFC 10-307] analyzing entity Processeur
INFO: [VRFC 10-163] Analyzing VHDL file "/home/mecaliff/Bureau/4A/S8/PSI/Processeur/Processeur.srcs/sources_1/new/Processeur.vhd" into library xil_defaultlib
INFO: [VRFC 10-307] analyzing entity Processeur
INFO: [VRFC 10-163] Analyzing VHDL file "/home/mecaliff/Bureau/4A/S8/PSI/Processeur/Processeur.srcs/sources_1/new/Instruction_Memory.vhd" into library xil_defaultlib
INFO: [VRFC 10-307] analyzing entity Instruction_Memory
INFO: [VRFC 10-163] Analyzing VHDL file "/home/mecaliff/Bureau/4A/S8/PSI/Processeur/Processeur.srcs/sources_1/new/Processeur.vhd" into library xil_defaultlib
INFO: [VRFC 10-307] analyzing entity Processeur
INFO: [VRFC 10-163] Analyzing VHDL file "/home/mecaliff/Bureau/4A/S8/PSI/Processeur/Processeur.srcs/sources_1/new/Instruction_Memory.vhd" into library xil_defaultlib
INFO: [VRFC 10-307] analyzing entity Instruction_Memory
INFO: [VRFC 10-163] Analyzing VHDL file "/home/mecaliff/Bureau/4A/S8/PSI/Processeur/Processeur.srcs/sources_1/new/Pipeline.vhd" into library xil_defaultlib
INFO: [VRFC 10-307] analyzing entity Pipeline
INFO: [VRFC 10-163] Analyzing VHDL file "/home/mecaliff/Bureau/4A/S8/PSI/Processeur/Processeur.srcs/sources_1/new/Pipeline.vhd" into library xil_defaultlib
INFO: [VRFC 10-307] analyzing entity Pipeline
INFO: [VRFC 10-163] Analyzing VHDL file "/home/mecaliff/Bureau/4A/S8/PSI/Processeur/Processeur.srcs/sources_1/new/Pipeline.vhd" into library xil_defaultlib
INFO: [VRFC 10-307] analyzing entity Pipeline
INFO: [VRFC 10-163] Analyzing VHDL file "/home/mecaliff/Bureau/4A/S8/PSI/Processeur/Processeur.srcs/sources_1/new/Pipeline.vhd" into library xil_defaultlib
INFO: [VRFC 10-307] analyzing entity Pipeline
INFO: [VRFC 10-163] Analyzing VHDL file "/home/mecaliff/Bureau/4A/S8/PSI/Processeur/Processeur.srcs/sources_1/new/Processeur.vhd" into library xil_defaultlib
INFO: [VRFC 10-307] analyzing entity Processeur
INFO: [VRFC 10-163] Analyzing VHDL file "/home/mecaliff/Bureau/4A/S8/PSI/Processeur/Processeur.srcs/sources_1/new/Instruction_Memory.vhd" into library xil_defaultlib
INFO: [VRFC 10-307] analyzing entity Instruction_Memory
INFO: [VRFC 10-163] Analyzing VHDL file "/home/mecaliff/Bureau/4A/S8/PSI/Processeur/Processeur.srcs/sources_1/new/Processeur.vhd" into library xil_defaultlib
INFO: [VRFC 10-307] analyzing entity Processeur
INFO: [VRFC 10-163] Analyzing VHDL file "/home/mecaliff/Bureau/4A/S8/PSI/Processeur/Processeur.srcs/sources_1/new/Processeur.vhd" into library xil_defaultlib
INFO: [VRFC 10-307] analyzing entity Processeur
INFO: [VRFC 10-163] Analyzing VHDL file "/home/mecaliff/Bureau/4A/S8/PSI/Processeur/Processeur.srcs/sources_1/new/Instruction_Memory.vhd" into library xil_defaultlib
INFO: [VRFC 10-307] analyzing entity Instruction_Memory
INFO: [VRFC 10-163] Analyzing VHDL file "/home/mecaliff/Bureau/4A/S8/PSI/Processeur/Processeur.srcs/sources_1/new/Instruction_Memory.vhd" into library xil_defaultlib
INFO: [VRFC 10-307] analyzing entity Instruction_Memory
INFO: [VRFC 10-163] Analyzing VHDL file "/home/mecaliff/Bureau/4A/S8/PSI/Processeur/Processeur.srcs/sources_1/new/Processeur.vhd" into library xil_defaultlib
INFO: [VRFC 10-307] analyzing entity Processeur
INFO: [VRFC 10-163] Analyzing VHDL file "/home/mecaliff/Bureau/4A/S8/PSI/Processeur/Processeur.srcs/sources_1/new/Processeur.vhd" into library xil_defaultlib
INFO: [VRFC 10-307] analyzing entity Processeur
INFO: [VRFC 10-163] Analyzing VHDL file "/home/mecaliff/Bureau/4A/S8/PSI/Processeur/Processeur.srcs/sources_1/new/Processeur.vhd" into library xil_defaultlib
INFO: [VRFC 10-307] analyzing entity Processeur
INFO: [VRFC 10-163] Analyzing VHDL file "/home/mecaliff/Bureau/4A/S8/PSI/Processeur/Processeur.srcs/sources_1/new/Processeur.vhd" into library xil_defaultlib
INFO: [VRFC 10-307] analyzing entity Processeur
INFO: [VRFC 10-163] Analyzing VHDL file "/home/mecaliff/Bureau/4A/S8/PSI/Processeur/Processeur.srcs/sources_1/new/Processeur.vhd" into library xil_defaultlib
INFO: [VRFC 10-307] analyzing entity Processeur
INFO: [VRFC 10-163] Analyzing VHDL file "/home/mecaliff/Bureau/4A/S8/PSI/Processeur/Processeur.srcs/sources_1/new/Processeur.vhd" into library xil_defaultlib
INFO: [VRFC 10-307] analyzing entity Processeur
INFO: [VRFC 10-163] Analyzing VHDL file "/home/mecaliff/Bureau/4A/S8/PSI/Processeur/Processeur.srcs/sources_1/new/Processeur.vhd" into library xil_defaultlib
INFO: [VRFC 10-307] analyzing entity Processeur
INFO: [VRFC 10-163] Analyzing VHDL file "/home/mecaliff/Bureau/4A/S8/PSI/Processeur/Processeur.srcs/sources_1/new/Processeur.vhd" into library xil_defaultlib
INFO: [VRFC 10-307] analyzing entity Processeur
INFO: [VRFC 10-163] Analyzing VHDL file "/home/mecaliff/Bureau/4A/S8/PSI/Processeur/Processeur.srcs/sources_1/new/Processeur.vhd" into library xil_defaultlib
INFO: [VRFC 10-307] analyzing entity Processeur
INFO: [VRFC 10-163] Analyzing VHDL file "/home/mecaliff/Bureau/4A/S8/PSI/Processeur/Processeur.srcs/sources_1/new/Processeur.vhd" into library xil_defaultlib
INFO: [VRFC 10-307] analyzing entity Processeur
INFO: [VRFC 10-163] Analyzing VHDL file "/home/mecaliff/Bureau/4A/S8/PSI/Processeur/Processeur.srcs/sources_1/new/Processeur.vhd" into library xil_defaultlib
INFO: [VRFC 10-307] analyzing entity Processeur
INFO: [VRFC 10-163] Analyzing VHDL file "/home/mecaliff/Bureau/4A/S8/PSI/Processeur/Processeur.srcs/sources_1/new/Processeur.vhd" into library xil_defaultlib
INFO: [VRFC 10-307] analyzing entity Processeur
INFO: [VRFC 10-163] Analyzing VHDL file "/home/mecaliff/Bureau/4A/S8/PSI/Processeur/Processeur.srcs/sources_1/new/Processeur.vhd" into library xil_defaultlib
INFO: [VRFC 10-307] analyzing entity Processeur
INFO: [VRFC 10-163] Analyzing VHDL file "/home/mecaliff/Bureau/4A/S8/PSI/Processeur/Processeur.srcs/sources_1/new/Processeur.vhd" into library xil_defaultlib
INFO: [VRFC 10-307] analyzing entity Processeur
INFO: [VRFC 10-163] Analyzing VHDL file "/home/mecaliff/Bureau/4A/S8/PSI/Processeur/Processeur.srcs/sources_1/new/Processeur.vhd" into library xil_defaultlib
INFO: [VRFC 10-307] analyzing entity Processeur
INFO: [VRFC 10-163] Analyzing VHDL file "/home/mecaliff/Bureau/4A/S8/PSI/Processeur/Processeur.srcs/sources_1/new/Processeur.vhd" into library xil_defaultlib
INFO: [VRFC 10-307] analyzing entity Processeur
INFO: [VRFC 10-163] Analyzing VHDL file "/home/mecaliff/Bureau/4A/S8/PSI/Processeur/Processeur.srcs/sources_1/new/Instruction_Memory.vhd" into library xil_defaultlib
INFO: [VRFC 10-307] analyzing entity Instruction_Memory
INFO: [VRFC 10-163] Analyzing VHDL file "/home/mecaliff/Bureau/4A/S8/PSI/Processeur/Processeur.srcs/sources_1/new/Processeur.vhd" into library xil_defaultlib
INFO: [VRFC 10-307] analyzing entity Processeur
INFO: [VRFC 10-163] Analyzing VHDL file "/home/mecaliff/Bureau/4A/S8/PSI/Processeur/Processeur.srcs/sources_1/new/Processeur.vhd" into library xil_defaultlib
INFO: [VRFC 10-307] analyzing entity Processeur
INFO: [VRFC 10-163] Analyzing VHDL file "/home/mecaliff/Bureau/4A/S8/PSI/Processeur/Processeur.srcs/sources_1/new/Processeur.vhd" into library xil_defaultlib
INFO: [VRFC 10-307] analyzing entity Processeur
ERROR: [VRFC 10-1412] syntax error near else [/home/mecaliff/Bureau/4A/S8/PSI/Processeur/Processeur.srcs/sources_1/new/Processeur.vhd:163]
ERROR: [VRFC 10-1504] unit behavioral ignored due to previous errors [/home/mecaliff/Bureau/4A/S8/PSI/Processeur/Processeur.srcs/sources_1/new/Processeur.vhd:41]
INFO: [VRFC 10-240] VHDL file /home/mecaliff/Bureau/4A/S8/PSI/Processeur/Processeur.srcs/sources_1/new/Processeur.vhd ignored due to errors
INFO: [VRFC 10-163] Analyzing VHDL file "/home/mecaliff/Bureau/4A/S8/PSI/Processeur/Processeur.srcs/sources_1/new/Processeur.vhd" into library xil_defaultlib
INFO: [VRFC 10-307] analyzing entity Processeur
INFO: [VRFC 10-163] Analyzing VHDL file "/home/mecaliff/Bureau/4A/S8/PSI/Processeur/Processeur.srcs/sources_1/new/Banc_Registre.vhd" into library xil_defaultlib
INFO: [VRFC 10-307] analyzing entity Banc_Registre
INFO: [VRFC 10-163] Analyzing VHDL file "/home/mecaliff/Bureau/4A/S8/PSI/Processeur/Processeur.srcs/sim_1/new/Test_Banc_Registre.vhd" into library xil_defaultlib
INFO: [VRFC 10-307] analyzing entity Test_Banc_Registre
INFO: [VRFC 10-163] Analyzing VHDL file "/home/mecaliff/Bureau/4A/S8/PSI/Processeur/Processeur.srcs/sim_1/new/Test_Banc_Registre.vhd" into library xil_defaultlib
INFO: [VRFC 10-307] analyzing entity Test_Banc_Registre
INFO: [VRFC 10-163] Analyzing VHDL file "/home/mecaliff/Bureau/4A/S8/PSI/Processeur/Processeur.srcs/sim_1/new/Test_Banc_Registre.vhd" into library xil_defaultlib
INFO: [VRFC 10-307] analyzing entity Test_Banc_Registre
INFO: [VRFC 10-163] Analyzing VHDL file "/home/mecaliff/Bureau/4A/S8/PSI/Processeur/Processeur.srcs/sim_1/new/Test_Banc_Registre.vhd" into library xil_defaultlib
INFO: [VRFC 10-307] analyzing entity Test_Banc_Registre
INFO: [VRFC 10-163] Analyzing VHDL file "/home/mecaliff/Bureau/4A/S8/PSI/Processeur/Processeur.srcs/sim_1/new/Test_Banc_Registre.vhd" into library xil_defaultlib
INFO: [VRFC 10-307] analyzing entity Test_Banc_Registre
INFO: [VRFC 10-163] Analyzing VHDL file "/home/mecaliff/Bureau/4A/S8/PSI/Processeur/Processeur.srcs/sim_1/new/Test_Banc_Registre.vhd" into library xil_defaultlib
INFO: [VRFC 10-307] analyzing entity Test_Banc_Registre
INFO: [VRFC 10-163] Analyzing VHDL file "/home/mecaliff/Bureau/4A/S8/PSI/Processeur/Processeur.srcs/sources_1/new/Processeur.vhd" into library xil_defaultlib
INFO: [VRFC 10-307] analyzing entity Processeur
INFO: [VRFC 10-163] Analyzing VHDL file "/home/mecaliff/Bureau/4A/S8/PSI/Processeur/Processeur.srcs/sim_1/new/Test_Banc_Registre.vhd" into library xil_defaultlib
INFO: [VRFC 10-307] analyzing entity Test_Banc_Registre
INFO: [VRFC 10-163] Analyzing VHDL file "/home/mecaliff/Bureau/4A/S8/PSI/Processeur/Processeur.srcs/sim_1/new/Test_Banc_Registre.vhd" into library xil_defaultlib
INFO: [VRFC 10-307] analyzing entity Test_Banc_Registre
INFO: [VRFC 10-163] Analyzing VHDL file "/home/mecaliff/Bureau/4A/S8/PSI/Processeur/Processeur.srcs/sources_1/new/Banc_Registre.vhd" into library xil_defaultlib
INFO: [VRFC 10-307] analyzing entity Banc_Registre
INFO: [VRFC 10-163] Analyzing VHDL file "/home/mecaliff/Bureau/4A/S8/PSI/Processeur/Processeur.srcs/sources_1/new/Banc_Registre.vhd" into library xil_defaultlib
INFO: [VRFC 10-307] analyzing entity Banc_Registre
INFO: [VRFC 10-163] Analyzing VHDL file "/home/mecaliff/Bureau/4A/S8/PSI/Processeur/Processeur.srcs/sources_1/new/Banc_Registre.vhd" into library xil_defaultlib
INFO: [VRFC 10-307] analyzing entity Banc_Registre
INFO: [VRFC 10-163] Analyzing VHDL file "/home/mecaliff/Bureau/4A/S8/PSI/Processeur/Processeur.srcs/sources_1/new/Banc_Registre.vhd" into library xil_defaultlib
INFO: [VRFC 10-307] analyzing entity Banc_Registre
INFO: [VRFC 10-163] Analyzing VHDL file "/home/mecaliff/Bureau/4A/S8/PSI/Processeur/Processeur.srcs/sources_1/new/Banc_Registre.vhd" into library xil_defaultlib
INFO: [VRFC 10-307] analyzing entity Banc_Registre
INFO: [VRFC 10-163] Analyzing VHDL file "/home/mecaliff/Bureau/4A/S8/PSI/Processeur/Processeur.srcs/sources_1/new/Banc_Registre.vhd" into library xil_defaultlib
INFO: [VRFC 10-307] analyzing entity Banc_Registre
INFO: [VRFC 10-163] Analyzing VHDL file "/home/mecaliff/Bureau/4A/S8/PSI/Processeur/Processeur.srcs/sources_1/new/Banc_Registre.vhd" into library xil_defaultlib
INFO: [VRFC 10-307] analyzing entity Banc_Registre
INFO: [VRFC 10-163] Analyzing VHDL file "/home/mecaliff/Bureau/4A/S8/PSI/Processeur/Processeur.srcs/sim_1/new/Test_Banc_Registre.vhd" into library xil_defaultlib
INFO: [VRFC 10-307] analyzing entity Test_Banc_Registre
INFO: [VRFC 10-163] Analyzing VHDL file "/home/mecaliff/Bureau/4A/S8/PSI/Processeur/Processeur.srcs/sources_1/new/Banc_Registre.vhd" into library xil_defaultlib
INFO: [VRFC 10-307] analyzing entity Banc_Registre
INFO: [VRFC 10-163] Analyzing VHDL file "/home/mecaliff/Bureau/4A/S8/PSI/Processeur/Processeur.srcs/sources_1/new/Banc_Registre.vhd" into library xil_defaultlib
INFO: [VRFC 10-307] analyzing entity Banc_Registre
INFO: [VRFC 10-163] Analyzing VHDL file "/home/mecaliff/Bureau/4A/S8/PSI/Processeur/Processeur.srcs/sources_1/new/Banc_Registre.vhd" into library xil_defaultlib
INFO: [VRFC 10-307] analyzing entity Banc_Registre
INFO: [VRFC 10-163] Analyzing VHDL file "/home/mecaliff/Bureau/4A/S8/PSI/Processeur/Processeur.srcs/sources_1/new/Banc_Registre.vhd" into library xil_defaultlib
INFO: [VRFC 10-307] analyzing entity Banc_Registre
INFO: [VRFC 10-163] Analyzing VHDL file "/home/mecaliff/Bureau/4A/S8/PSI/Processeur/Processeur.srcs/sources_1/new/Banc_Registre.vhd" into library xil_defaultlib
INFO: [VRFC 10-307] analyzing entity Banc_Registre
INFO: [VRFC 10-163] Analyzing VHDL file "/home/mecaliff/Bureau/4A/S8/PSI/Processeur/Processeur.srcs/sources_1/new/Banc_Registre.vhd" into library xil_defaultlib
INFO: [VRFC 10-307] analyzing entity Banc_Registre
INFO: [VRFC 10-163] Analyzing VHDL file "/home/mecaliff/Bureau/4A/S8/PSI/Processeur/Processeur.srcs/sources_1/new/Banc_Registre.vhd" into library xil_defaultlib
INFO: [VRFC 10-307] analyzing entity Banc_Registre
INFO: [VRFC 10-163] Analyzing VHDL file "/home/mecaliff/Bureau/4A/S8/PSI/Processeur/Processeur.srcs/sources_1/new/Banc_Registre.vhd" into library xil_defaultlib
INFO: [VRFC 10-307] analyzing entity Banc_Registre
INFO: [VRFC 10-163] Analyzing VHDL file "/home/mecaliff/Bureau/4A/S8/PSI/Processeur/Processeur.srcs/sources_1/new/Instruction_Memory.vhd" into library xil_defaultlib
INFO: [VRFC 10-307] analyzing entity Instruction_Memory
INFO: [VRFC 10-163] Analyzing VHDL file "/home/mecaliff/Bureau/4A/S8/PSI/Processeur/Processeur.srcs/sources_1/new/Instruction_Memory.vhd" into library xil_defaultlib
INFO: [VRFC 10-307] analyzing entity Instruction_Memory
INFO: [VRFC 10-163] Analyzing VHDL file "/home/mecaliff/Bureau/4A/S8/PSI/Processeur/Processeur.srcs/sources_1/new/Instruction_Memory.vhd" into library xil_defaultlib
INFO: [VRFC 10-307] analyzing entity Instruction_Memory
INFO: [VRFC 10-163] Analyzing VHDL file "/home/mecaliff/Bureau/4A/S8/PSI/Processeur/Processeur.srcs/sources_1/new/Processeur.vhd" into library xil_defaultlib
INFO: [VRFC 10-307] analyzing entity Processeur
INFO: [VRFC 10-163] Analyzing VHDL file "/home/mecaliff/Bureau/4A/S8/PSI/Processeur/Processeur.srcs/sources_1/new/Processeur.vhd" into library xil_defaultlib
INFO: [VRFC 10-307] analyzing entity Processeur
INFO: [VRFC 10-163] Analyzing VHDL file "/home/mecaliff/Bureau/4A/S8/PSI/Processeur/Processeur.srcs/sources_1/new/Instruction_Memory.vhd" into library xil_defaultlib
INFO: [VRFC 10-307] analyzing entity Instruction_Memory
INFO: [VRFC 10-163] Analyzing VHDL file "/home/mecaliff/Bureau/4A/S8/PSI/Processeur/Processeur.srcs/sources_1/new/Pipeline.vhd" into library xil_defaultlib
INFO: [VRFC 10-307] analyzing entity Pipeline
INFO: [VRFC 10-163] Analyzing VHDL file "/home/mecaliff/Bureau/4A/S8/PSI/Processeur/Processeur.srcs/sources_1/new/Processeur.vhd" into library xil_defaultlib
INFO: [VRFC 10-307] analyzing entity Processeur
INFO: [VRFC 10-163] Analyzing VHDL file "/home/mecaliff/Bureau/4A/S8/PSI/Processeur/Processeur.srcs/sources_1/new/Processeur.vhd" into library xil_defaultlib
INFO: [VRFC 10-307] analyzing entity Processeur
INFO: [VRFC 10-163] Analyzing VHDL file "/home/mecaliff/Bureau/4A/S8/PSI/Processeur/Processeur.srcs/sources_1/new/Pipeline.vhd" into library xil_defaultlib
INFO: [VRFC 10-307] analyzing entity Pipeline
INFO: [VRFC 10-163] Analyzing VHDL file "/home/mecaliff/Bureau/4A/S8/PSI/Processeur/Processeur.srcs/sources_1/new/Processeur.vhd" into library xil_defaultlib
INFO: [VRFC 10-307] analyzing entity Processeur
INFO: [VRFC 10-163] Analyzing VHDL file "/home/mecaliff/Bureau/4A/S8/PSI/Processeur/Processeur.srcs/sources_1/new/Pipeline.vhd" into library xil_defaultlib
INFO: [VRFC 10-307] analyzing entity Pipeline
INFO: [VRFC 10-163] Analyzing VHDL file "/home/mecaliff/Bureau/4A/S8/PSI/Processeur/Processeur.srcs/sources_1/new/Processeur.vhd" into library xil_defaultlib
INFO: [VRFC 10-307] analyzing entity Processeur
INFO: [VRFC 10-163] Analyzing VHDL file "/home/mecaliff/Bureau/4A/S8/PSI/Processeur/Processeur.srcs/sources_1/new/Processeur.vhd" into library xil_defaultlib
INFO: [VRFC 10-307] analyzing entity Processeur
INFO: [VRFC 10-163] Analyzing VHDL file "/home/mecaliff/Bureau/4A/S8/PSI/Processeur/Processeur.srcs/sources_1/new/Compteur_IP.vhd" into library xil_defaultlib
INFO: [VRFC 10-307] analyzing entity Compteur_IP
INFO: [VRFC 10-163] Analyzing VHDL file "/home/mecaliff/Bureau/4A/S8/PSI/Processeur/Processeur.srcs/sources_1/new/Processeur.vhd" into library xil_defaultlib
INFO: [VRFC 10-307] analyzing entity Processeur
ERROR: [VRFC 10-91] jmp_lc is not declared [/home/mecaliff/Bureau/4A/S8/PSI/Processeur/Processeur.srcs/sources_1/new/Processeur.vhd:189]
ERROR: [VRFC 10-1504] unit behavioral ignored due to previous errors [/home/mecaliff/Bureau/4A/S8/PSI/Processeur/Processeur.srcs/sources_1/new/Processeur.vhd:41]
INFO: [VRFC 10-240] VHDL file /home/mecaliff/Bureau/4A/S8/PSI/Processeur/Processeur.srcs/sources_1/new/Processeur.vhd ignored due to errors
INFO: [VRFC 10-163] Analyzing VHDL file "/home/mecaliff/Bureau/4A/S8/PSI/Processeur/Processeur.srcs/sources_1/new/Compteur_IP.vhd" into library xil_defaultlib
INFO: [VRFC 10-307] analyzing entity Compteur_IP
INFO: [VRFC 10-163] Analyzing VHDL file "/home/mecaliff/Bureau/4A/S8/PSI/Processeur/Processeur.srcs/sources_1/new/Processeur.vhd" into library xil_defaultlib
INFO: [VRFC 10-307] analyzing entity Processeur
INFO: [VRFC 10-163] Analyzing VHDL file "/home/mecaliff/Bureau/4A/S8/PSI/Processeur/Processeur.srcs/sources_1/new/Instruction_Memory.vhd" into library xil_defaultlib
INFO: [VRFC 10-307] analyzing entity Instruction_Memory
INFO: [VRFC 10-163] Analyzing VHDL file "/home/mecaliff/Bureau/4A/S8/PSI/Processeur/Processeur.srcs/sources_1/new/Instruction_Memory.vhd" into library xil_defaultlib
INFO: [VRFC 10-307] analyzing entity Instruction_Memory
INFO: [VRFC 10-163] Analyzing VHDL file "/home/mecaliff/Bureau/4A/S8/PSI/Processeur/Processeur.srcs/sources_1/new/Instruction_Memory.vhd" into library xil_defaultlib
INFO: [VRFC 10-307] analyzing entity Instruction_Memory
INFO: [VRFC 10-163] Analyzing VHDL file "/home/mecaliff/Bureau/4A/S8/PSI/Processeur/Processeur.srcs/sources_1/new/Compteur_IP.vhd" into library xil_defaultlib
INFO: [VRFC 10-307] analyzing entity Compteur_IP
INFO: [VRFC 10-163] Analyzing VHDL file "/home/mecaliff/Bureau/4A/S8/PSI/Processeur/Processeur.srcs/sources_1/new/Instruction_Memory.vhd" into library xil_defaultlib
INFO: [VRFC 10-307] analyzing entity Instruction_Memory
INFO: [VRFC 10-163] Analyzing VHDL file "/home/mecaliff/Bureau/4A/S8/PSI/Processeur/Processeur.srcs/sources_1/new/Instruction_Memory.vhd" into library xil_defaultlib
INFO: [VRFC 10-307] analyzing entity Instruction_Memory
INFO: [VRFC 10-163] Analyzing VHDL file "/home/mecaliff/Bureau/4A/S8/PSI/Processeur/Processeur.srcs/sources_1/new/ALU.vhd" into library xil_defaultlib
INFO: [VRFC 10-307] analyzing entity ALU
INFO: [VRFC 10-163] Analyzing VHDL file "/home/mecaliff/Bureau/4A/S8/PSI/Processeur/Processeur.srcs/sources_1/new/Banc_Registre.vhd" into library xil_defaultlib
INFO: [VRFC 10-307] analyzing entity Banc_Registre
INFO: [VRFC 10-163] Analyzing VHDL file "/home/mecaliff/Bureau/4A/S8/PSI/Processeur/Processeur.srcs/sources_1/new/Compteur_IP.vhd" into library xil_defaultlib
INFO: [VRFC 10-307] analyzing entity Compteur_IP
INFO: [VRFC 10-163] Analyzing VHDL file "/home/mecaliff/Bureau/4A/S8/PSI/Processeur/Processeur.srcs/sources_1/new/Data_Memory.vhd" into library xil_defaultlib
INFO: [VRFC 10-307] analyzing entity Data_Memory
INFO: [VRFC 10-163] Analyzing VHDL file "/home/mecaliff/Bureau/4A/S8/PSI/Processeur/Processeur.srcs/sources_1/new/Instruction_Memory.vhd" into library xil_defaultlib
INFO: [VRFC 10-307] analyzing entity Instruction_Memory
INFO: [VRFC 10-163] Analyzing VHDL file "/home/mecaliff/Bureau/4A/S8/PSI/Processeur/Processeur.srcs/sources_1/new/Pipeline.vhd" into library xil_defaultlib
INFO: [VRFC 10-307] analyzing entity Pipeline
INFO: [VRFC 10-163] Analyzing VHDL file "/home/mecaliff/Bureau/4A/S8/PSI/Processeur/Processeur.srcs/sources_1/new/Processeur.vhd" into library xil_defaultlib
INFO: [VRFC 10-307] analyzing entity Processeur
INFO: [VRFC 10-163] Analyzing VHDL file "/home/mecaliff/Bureau/4A/S8/PSI/Processeur/Processeur.srcs/sim_1/new/Test_Processeur.vhd" into library xil_defaultlib
INFO: [VRFC 10-307] analyzing entity Test_Processeur
INFO: [VRFC 10-163] Analyzing VHDL file "/home/mecaliff/Bureau/4A/S8/PSI/Processeur/Processeur.srcs/sim_1/new/Test_Processeur.vhd" into library xil_defaultlib
INFO: [VRFC 10-307] analyzing entity Test_Processeur
INFO: [VRFC 10-163] Analyzing VHDL file "/home/mecaliff/Bureau/4A/S8/PSI/Processeur/Processeur.srcs/sources_1/new/Processeur.vhd" into library xil_defaultlib
INFO: [VRFC 10-307] analyzing entity Processeur
INFO: [VRFC 10-163] Analyzing VHDL file "/home/mecaliff/Bureau/4A/S8/PSI/Processeur/Processeur.srcs/sources_1/new/Processeur.vhd" into library xil_defaultlib
INFO: [VRFC 10-307] analyzing entity Processeur
INFO: [VRFC 10-163] Analyzing VHDL file "/home/mecaliff/Bureau/4A/S8/PSI/Processeur/Processeur.srcs/sources_1/new/Processeur.vhd" into library xil_defaultlib
INFO: [VRFC 10-307] analyzing entity Processeur
INFO: [VRFC 10-163] Analyzing VHDL file "/home/mecaliff/Bureau/4A/S8/PSI/Processeur/Processeur.srcs/sources_1/new/Processeur.vhd" into library xil_defaultlib
INFO: [VRFC 10-307] analyzing entity Processeur
INFO: [VRFC 10-163] Analyzing VHDL file "/home/mecaliff/Bureau/4A/S8/PSI/Processeur/Processeur.srcs/sources_1/new/Instruction_Memory.vhd" into library xil_defaultlib
INFO: [VRFC 10-307] analyzing entity Instruction_Memory
INFO: [VRFC 10-163] Analyzing VHDL file "/home/mecaliff/Bureau/4A/S8/PSI/Processeur/Processeur.srcs/sources_1/new/Instruction_Memory.vhd" into library xil_defaultlib
INFO: [VRFC 10-307] analyzing entity Instruction_Memory
INFO: [VRFC 10-163] Analyzing VHDL file "/home/mecaliff/Bureau/4A/S8/PSI/Processeur/Processeur.srcs/sources_1/new/Processeur.vhd" into library xil_defaultlib
INFO: [VRFC 10-307] analyzing entity Processeur
INFO: [VRFC 10-163] Analyzing VHDL file "/home/mecaliff/Bureau/4A/S8/PSI/Processeur/Processeur.srcs/sources_1/new/Instruction_Memory.vhd" into library xil_defaultlib
INFO: [VRFC 10-307] analyzing entity Instruction_Memory
INFO: [VRFC 10-163] Analyzing VHDL file "/home/mecaliff/Bureau/4A/S8/PSI/Processeur/Processeur.srcs/sources_1/new/Processeur.vhd" into library xil_defaultlib
INFO: [VRFC 10-307] analyzing entity Processeur
INFO: [VRFC 10-163] Analyzing VHDL file "/home/mecaliff/Bureau/4A/S8/PSI/Processeur/Processeur.srcs/sources_1/new/Processeur.vhd" into library xil_defaultlib
INFO: [VRFC 10-307] analyzing entity Processeur
INFO: [VRFC 10-163] Analyzing VHDL file "/home/mecaliff/Bureau/4A/S8/PSI/Processeur/Processeur.srcs/sources_1/new/Processeur.vhd" into library xil_defaultlib
INFO: [VRFC 10-307] analyzing entity Processeur
INFO: [VRFC 10-163] Analyzing VHDL file "/home/mecaliff/Bureau/4A/S8/PSI/Processeur/Processeur.srcs/sources_1/new/Processeur.vhd" into library xil_defaultlib
INFO: [VRFC 10-307] analyzing entity Processeur
INFO: [VRFC 10-163] Analyzing VHDL file "/home/mecaliff/Bureau/4A/S8/PSI/Processeur/Processeur.srcs/sources_1/new/Processeur.vhd" into library xil_defaultlib
INFO: [VRFC 10-307] analyzing entity Processeur
INFO: [VRFC 10-163] Analyzing VHDL file "/home/mecaliff/Bureau/4A/S8/PSI/Processeur/Processeur.srcs/sources_1/new/Processeur.vhd" into library xil_defaultlib
INFO: [VRFC 10-307] analyzing entity Processeur
INFO: [VRFC 10-163] Analyzing VHDL file "/home/mecaliff/Bureau/4A/S8/PSI/Processeur/Processeur.srcs/sources_1/new/Instruction_Memory.vhd" into library xil_defaultlib
INFO: [VRFC 10-307] analyzing entity Instruction_Memory
INFO: [VRFC 10-163] Analyzing VHDL file "/home/mecaliff/Bureau/4A/S8/PSI/Processeur/Processeur.srcs/sources_1/new/Instruction_Memory.vhd" into library xil_defaultlib
INFO: [VRFC 10-307] analyzing entity Instruction_Memory
INFO: [VRFC 10-163] Analyzing VHDL file "/home/mecaliff/Bureau/4A/S8/PSI/Processeur/Processeur.srcs/sources_1/new/Instruction_Memory.vhd" into library xil_defaultlib
INFO: [VRFC 10-307] analyzing entity Instruction_Memory
INFO: [VRFC 10-163] Analyzing VHDL file "/home/mecaliff/Bureau/4A/S8/PSI/Processeur/Processeur.srcs/sources_1/new/Compteur_IP.vhd" into library xil_defaultlib
INFO: [VRFC 10-307] analyzing entity Compteur_IP
INFO: [VRFC 10-163] Analyzing VHDL file "/home/mecaliff/Bureau/4A/S8/PSI/Processeur/Processeur.srcs/sources_1/new/Compteur_IP.vhd" into library xil_defaultlib
INFO: [VRFC 10-307] analyzing entity Compteur_IP
INFO: [VRFC 10-163] Analyzing VHDL file "/home/mecaliff/Bureau/4A/S8/PSI/Processeur/Processeur.srcs/sources_1/new/Compteur_IP.vhd" into library xil_defaultlib
INFO: [VRFC 10-307] analyzing entity Compteur_IP
INFO: [VRFC 10-163] Analyzing VHDL file "/home/mecaliff/Bureau/4A/S8/PSI/Processeur/Processeur.srcs/sources_1/new/Compteur_IP.vhd" into library xil_defaultlib
INFO: [VRFC 10-307] analyzing entity Compteur_IP
INFO: [VRFC 10-163] Analyzing VHDL file "/home/mecaliff/Bureau/4A/S8/PSI/Processeur/Processeur.srcs/sources_1/new/Compteur_IP.vhd" into library xil_defaultlib
INFO: [VRFC 10-307] analyzing entity Compteur_IP
INFO: [VRFC 10-163] Analyzing VHDL file "/home/mecaliff/Bureau/4A/S8/PSI/Processeur/Processeur.srcs/sources_1/new/Compteur_IP.vhd" into library xil_defaultlib
INFO: [VRFC 10-307] analyzing entity Compteur_IP
INFO: [VRFC 10-163] Analyzing VHDL file "/home/mecaliff/Bureau/4A/S8/PSI/Processeur/Processeur.srcs/sources_1/new/Instruction_Memory.vhd" into library xil_defaultlib
INFO: [VRFC 10-307] analyzing entity Instruction_Memory
INFO: [VRFC 10-163] Analyzing VHDL file "/home/mecaliff/Bureau/4A/S8/PSI/Processeur/Processeur.srcs/sources_1/new/Compteur_IP.vhd" into library xil_defaultlib
INFO: [VRFC 10-307] analyzing entity Compteur_IP
INFO: [VRFC 10-163] Analyzing VHDL file "/home/mecaliff/Bureau/4A/S8/PSI/Processeur/Processeur.srcs/sources_1/new/Instruction_Memory.vhd" into library xil_defaultlib
INFO: [VRFC 10-307] analyzing entity Instruction_Memory
INFO: [VRFC 10-163] Analyzing VHDL file "/home/mecaliff/Bureau/4A/S8/PSI/Processeur/Processeur.srcs/sources_1/new/Processeur.vhd" into library xil_defaultlib
INFO: [VRFC 10-307] analyzing entity Processeur
INFO: [VRFC 10-163] Analyzing VHDL file "/home/mecaliff/Bureau/4A/S8/PSI/Processeur/Processeur.srcs/sources_1/new/Instruction_Memory.vhd" into library xil_defaultlib
INFO: [VRFC 10-307] analyzing entity Instruction_Memory
INFO: [VRFC 10-163] Analyzing VHDL file "/home/mecaliff/Bureau/4A/S8/PSI/Processeur/Processeur.srcs/sources_1/new/Instruction_Memory.vhd" into library xil_defaultlib
INFO: [VRFC 10-307] analyzing entity Instruction_Memory
INFO: [VRFC 10-163] Analyzing VHDL file "/home/mecaliff/Bureau/4A/S8/PSI/Processeur/Processeur.srcs/sources_1/new/Instruction_Memory.vhd" into library xil_defaultlib
INFO: [VRFC 10-307] analyzing entity Instruction_Memory
