#
# An unexpected error has occurred (11)
#
Stack:
/usr/local/insa/Xilinx.VIVADO/Vivado/2018.2/tps/lnx64/jre/lib/amd64/server/libjvm.so(+0x923da9) [0x7f31e45f6da9]
/usr/local/insa/Xilinx.VIVADO/Vivado/2018.2/tps/lnx64/jre/lib/amd64/server/libjvm.so(JVM_handle_linux_signal+0xb6) [0x7f31e45fd3f6]
/usr/local/insa/Xilinx.VIVADO/Vivado/2018.2/tps/lnx64/jre/lib/amd64/server/libjvm.so(+0x9209d3) [0x7f31e45f39d3]
/lib/x86_64-linux-gnu/libc.so.6(+0x43090) [0x7f3221db6090]
/usr/local/insa/Xilinx.VIVADO/Vivado/2018.2/lib/lnx64.o/librdi_wavedata.so(+0x2074b1) [0x7f31efede4b1]
/usr/local/insa/Xilinx.VIVADO/Vivado/2018.2/lib/lnx64.o/librdi_wavedata.so(SimBridge::DataObjMgr::createDrawingBTree(std::vector<SimBridge::IDataObj const*, std::allocator<SimBridge::IDataObj const*> > const&, ISIM::IGuiStatus*, bool)+0x109) [0x7f31efede7f9]
/usr/local/insa/Xilinx.VIVADO/Vivado/2018.2/lib/lnx64.o/librdi_wavedata.so(SimBridge::DataReader::getTransitions(SimBridge::IDataObj const*, long long, long long, long long, SimBridge::ValueFormat const&, std::vector<SimBridge::Transition, std::allocator<SimBridge::Transition> >&) const+0xa4) [0x7f31efee9af4]
/usr/local/insa/Xilinx.VIVADO/Vivado/2018.2/lib/lnx64.o/librdi_wavedata.so(SG_Model::Model::getTransitions(SG_Model::WVDataObject const*, long long, long long, long long, SimBridge::ValueFormat const&, bool, std::vector<SimBridge::Transition, std::allocator<SimBridge::Transition> >&) const+0x11b) [0x7f31eff791fb]
/usr/local/insa/Xilinx.VIVADO/Vivado/2018.2/lib/lnx64.o/librdi_wavedata.so(+0x2cf26d) [0x7f31effa626d]
/usr/local/insa/Xilinx.VIVADO/Vivado/2018.2/lib/lnx64.o/librdi_wavedata.so(SG_Model::WaveformRender::render(SG_Model::WVDataObject const&)+0x22c) [0x7f31effa19bc]
/usr/local/insa/Xilinx.VIVADO/Vivado/2018.2/lib/lnx64.o/librdi_wavedata.so(WaveViewer::WVWaveformPanel::WaveformTraverser::drawWaveform(SG_Model::WVDataObject const*, int, int)+0x2eb) [0x7f31f0019feb]
/usr/local/insa/Xilinx.VIVADO/Vivado/2018.2/lib/lnx64.o/librdi_wavedata.so(WaveViewer::WVWaveformPanel::WaveformTraverser::handleItemSize(WaveViewer::WVNameValueTreeModel::ITraverseHandler::ItemSize const&)+0x4a) [0x7f31f001a2ca]
/usr/local/insa/Xilinx.VIVADO/Vivado/2018.2/lib/lnx64.o/librdi_wavedata.so(WaveViewer::WVNameValueTreeModel::traverseYRange(SG_Model::WVDataObject const*, WaveViewer::WVNameValueTreeModel::ITraverseHandler&, int, int, int&, int&) const+0x268) [0x7f31effec728]
/usr/local/insa/Xilinx.VIVADO/Vivado/2018.2/lib/lnx64.o/librdi_wavedata.so(WaveViewer::WVNameValueTreeModel::traverseYRange(SG_Model::WVDataObject const*, WaveViewer::WVNameValueTreeModel::ITraverseHandler&, int, int, int&, int&) const+0x339) [0x7f31effec7f9]
/usr/local/insa/Xilinx.VIVADO/Vivado/2018.2/lib/lnx64.o/librdi_wavedata.so(WaveViewer::WVNameValueTreeModel::traverseYRange(WaveViewer::WVNameValueTreeModel::ITraverseHandler&, int, int) const+0x57) [0x7f31effed817]
/usr/local/insa/Xilinx.VIVADO/Vivado/2018.2/lib/lnx64.o/librdi_wavedata.so(WaveViewer::WVWaveformPanel::getGraphics(HDGDStringStream&, long&)+0x26c) [0x7f31f001968c]
/usr/local/insa/Xilinx.VIVADO/Vivado/2018.2/lib/lnx64.o/librdi_wavedata.so(WVExecutiveImp::getGraphicsDataSize()+0x54) [0x7f31effde194]
/usr/local/insa/Xilinx.VIVADO/Vivado/2018.2/lib/lnx64.o/librdi_wavedata.so(WVExecutive::getGraphicsDataSize()+0xf) [0x7f31effde5ef]
/usr/local/insa/Xilinx.VIVADO/Vivado/2018.2/lib/lnx64.o/librdi_wavedata.so(Java_ui_views_waveform_waveformi_WVExecutive_1getGraphicsDataSize+0x17) [0x7f31f0024ef7]
[0x7f31d4695a34]
