Vivado Simulator 2018.2
Time resolution is 1 ps
Note: enabled
Time: 0 ps  Iteration: 1  Process: /Test_Processeur/uut/pip_lidi/line__53  File: /home/mecaliff/Bureau/4A/S8/PSI/Processeur/Processeur.srcs/sources_1/new/Pipeline.vhd
Note: enabled
Time: 0 ps  Iteration: 1  Process: /Test_Processeur/uut/pip_diex/line__53  File: /home/mecaliff/Bureau/4A/S8/PSI/Processeur/Processeur.srcs/sources_1/new/Pipeline.vhd
Note: enabled
Time: 0 ps  Iteration: 1  Process: /Test_Processeur/uut/pip_exmem/line__53  File: /home/mecaliff/Bureau/4A/S8/PSI/Processeur/Processeur.srcs/sources_1/new/Pipeline.vhd
Note: enabled
Time: 0 ps  Iteration: 1  Process: /Test_Processeur/uut/pip_memre/line__53  File: /home/mecaliff/Bureau/4A/S8/PSI/Processeur/Processeur.srcs/sources_1/new/Pipeline.vhd
Note: enabled
Time: 20 ns  Iteration: 1  Process: /Test_Processeur/uut/pip_lidi/line__53  File: /home/mecaliff/Bureau/4A/S8/PSI/Processeur/Processeur.srcs/sources_1/new/Pipeline.vhd
Note: enabled
Time: 20 ns  Iteration: 1  Process: /Test_Processeur/uut/pip_diex/line__53  File: /home/mecaliff/Bureau/4A/S8/PSI/Processeur/Processeur.srcs/sources_1/new/Pipeline.vhd
Note: enabled
Time: 20 ns  Iteration: 1  Process: /Test_Processeur/uut/pip_exmem/line__53  File: /home/mecaliff/Bureau/4A/S8/PSI/Processeur/Processeur.srcs/sources_1/new/Pipeline.vhd
Note: enabled
Time: 20 ns  Iteration: 1  Process: /Test_Processeur/uut/pip_memre/line__53  File: /home/mecaliff/Bureau/4A/S8/PSI/Processeur/Processeur.srcs/sources_1/new/Pipeline.vhd
Note: enabled
Time: 40 ns  Iteration: 1  Process: /Test_Processeur/uut/pip_lidi/line__53  File: /home/mecaliff/Bureau/4A/S8/PSI/Processeur/Processeur.srcs/sources_1/new/Pipeline.vhd
Note: enabled
Time: 40 ns  Iteration: 1  Process: /Test_Processeur/uut/pip_diex/line__53  File: /home/mecaliff/Bureau/4A/S8/PSI/Processeur/Processeur.srcs/sources_1/new/Pipeline.vhd
Note: enabled
Time: 40 ns  Iteration: 1  Process: /Test_Processeur/uut/pip_exmem/line__53  File: /home/mecaliff/Bureau/4A/S8/PSI/Processeur/Processeur.srcs/sources_1/new/Pipeline.vhd
Note: enabled
Time: 40 ns  Iteration: 1  Process: /Test_Processeur/uut/pip_memre/line__53  File: /home/mecaliff/Bureau/4A/S8/PSI/Processeur/Processeur.srcs/sources_1/new/Pipeline.vhd
Note: enabled
Time: 60 ns  Iteration: 1  Process: /Test_Processeur/uut/pip_lidi/line__53  File: /home/mecaliff/Bureau/4A/S8/PSI/Processeur/Processeur.srcs/sources_1/new/Pipeline.vhd
Note: enabled
Time: 60 ns  Iteration: 1  Process: /Test_Processeur/uut/pip_diex/line__53  File: /home/mecaliff/Bureau/4A/S8/PSI/Processeur/Processeur.srcs/sources_1/new/Pipeline.vhd
Note: enabled
Time: 60 ns  Iteration: 1  Process: /Test_Processeur/uut/pip_exmem/line__53  File: /home/mecaliff/Bureau/4A/S8/PSI/Processeur/Processeur.srcs/sources_1/new/Pipeline.vhd
Note: enabled
Time: 60 ns  Iteration: 1  Process: /Test_Processeur/uut/pip_memre/line__53  File: /home/mecaliff/Bureau/4A/S8/PSI/Processeur/Processeur.srcs/sources_1/new/Pipeline.vhd
Note: enabled
Time: 80 ns  Iteration: 1  Process: /Test_Processeur/uut/pip_lidi/line__53  File: /home/mecaliff/Bureau/4A/S8/PSI/Processeur/Processeur.srcs/sources_1/new/Pipeline.vhd
Note: enabled
Time: 80 ns  Iteration: 1  Process: /Test_Processeur/uut/pip_diex/line__53  File: /home/mecaliff/Bureau/4A/S8/PSI/Processeur/Processeur.srcs/sources_1/new/Pipeline.vhd
Note: enabled
Time: 80 ns  Iteration: 1  Process: /Test_Processeur/uut/pip_exmem/line__53  File: /home/mecaliff/Bureau/4A/S8/PSI/Processeur/Processeur.srcs/sources_1/new/Pipeline.vhd
Note: enabled
Time: 80 ns  Iteration: 1  Process: /Test_Processeur/uut/pip_memre/line__53  File: /home/mecaliff/Bureau/4A/S8/PSI/Processeur/Processeur.srcs/sources_1/new/Pipeline.vhd
Note: enabled
Time: 100 ns  Iteration: 1  Process: /Test_Processeur/uut/pip_lidi/line__53  File: /home/mecaliff/Bureau/4A/S8/PSI/Processeur/Processeur.srcs/sources_1/new/Pipeline.vhd
Note: enabled
Time: 100 ns  Iteration: 1  Process: /Test_Processeur/uut/pip_diex/line__53  File: /home/mecaliff/Bureau/4A/S8/PSI/Processeur/Processeur.srcs/sources_1/new/Pipeline.vhd
Note: enabled
Time: 100 ns  Iteration: 1  Process: /Test_Processeur/uut/pip_exmem/line__53  File: /home/mecaliff/Bureau/4A/S8/PSI/Processeur/Processeur.srcs/sources_1/new/Pipeline.vhd
Note: enabled
Time: 100 ns  Iteration: 1  Process: /Test_Processeur/uut/pip_memre/line__53  File: /home/mecaliff/Bureau/4A/S8/PSI/Processeur/Processeur.srcs/sources_1/new/Pipeline.vhd
Note: enabled
Time: 120 ns  Iteration: 1  Process: /Test_Processeur/uut/pip_lidi/line__53  File: /home/mecaliff/Bureau/4A/S8/PSI/Processeur/Processeur.srcs/sources_1/new/Pipeline.vhd
Note: enabled
Time: 120 ns  Iteration: 1  Process: /Test_Processeur/uut/pip_diex/line__53  File: /home/mecaliff/Bureau/4A/S8/PSI/Processeur/Processeur.srcs/sources_1/new/Pipeline.vhd
Note: enabled
Time: 120 ns  Iteration: 1  Process: /Test_Processeur/uut/pip_exmem/line__53  File: /home/mecaliff/Bureau/4A/S8/PSI/Processeur/Processeur.srcs/sources_1/new/Pipeline.vhd
Note: enabled
Time: 120 ns  Iteration: 1  Process: /Test_Processeur/uut/pip_memre/line__53  File: /home/mecaliff/Bureau/4A/S8/PSI/Processeur/Processeur.srcs/sources_1/new/Pipeline.vhd
Note: disabled : '0'
Time: 140 ns  Iteration: 1  Process: /Test_Processeur/uut/pip_lidi/line__53  File: /home/mecaliff/Bureau/4A/S8/PSI/Processeur/Processeur.srcs/sources_1/new/Pipeline.vhd
Note: disabled : '1'
Time: 140 ns  Iteration: 1  Process: /Test_Processeur/uut/pip_diex/line__53  File: /home/mecaliff/Bureau/4A/S8/PSI/Processeur/Processeur.srcs/sources_1/new/Pipeline.vhd
Note: je fais un NOPPPP
Time: 140 ns  Iteration: 1  Process: /Test_Processeur/uut/pip_diex/line__53  File: /home/mecaliff/Bureau/4A/S8/PSI/Processeur/Processeur.srcs/sources_1/new/Pipeline.vhd
Note: enabled
Time: 140 ns  Iteration: 1  Process: /Test_Processeur/uut/pip_exmem/line__53  File: /home/mecaliff/Bureau/4A/S8/PSI/Processeur/Processeur.srcs/sources_1/new/Pipeline.vhd
Note: enabled
Time: 140 ns  Iteration: 1  Process: /Test_Processeur/uut/pip_memre/line__53  File: /home/mecaliff/Bureau/4A/S8/PSI/Processeur/Processeur.srcs/sources_1/new/Pipeline.vhd
Note: disabled : '0'
Time: 160 ns  Iteration: 1  Process: /Test_Processeur/uut/pip_lidi/line__53  File: /home/mecaliff/Bureau/4A/S8/PSI/Processeur/Processeur.srcs/sources_1/new/Pipeline.vhd
Note: enabled
Time: 160 ns  Iteration: 1  Process: /Test_Processeur/uut/pip_diex/line__53  File: /home/mecaliff/Bureau/4A/S8/PSI/Processeur/Processeur.srcs/sources_1/new/Pipeline.vhd
Note: disabled : '1'
Time: 160 ns  Iteration: 1  Process: /Test_Processeur/uut/pip_exmem/line__53  File: /home/mecaliff/Bureau/4A/S8/PSI/Processeur/Processeur.srcs/sources_1/new/Pipeline.vhd
Note: je fais un NOPPPP
Time: 160 ns  Iteration: 1  Process: /Test_Processeur/uut/pip_exmem/line__53  File: /home/mecaliff/Bureau/4A/S8/PSI/Processeur/Processeur.srcs/sources_1/new/Pipeline.vhd
Note: enabled
Time: 160 ns  Iteration: 1  Process: /Test_Processeur/uut/pip_memre/line__53  File: /home/mecaliff/Bureau/4A/S8/PSI/Processeur/Processeur.srcs/sources_1/new/Pipeline.vhd
Note: enabled
Time: 180 ns  Iteration: 1  Process: /Test_Processeur/uut/pip_lidi/line__53  File: /home/mecaliff/Bureau/4A/S8/PSI/Processeur/Processeur.srcs/sources_1/new/Pipeline.vhd
Note: enabled
Time: 180 ns  Iteration: 1  Process: /Test_Processeur/uut/pip_diex/line__53  File: /home/mecaliff/Bureau/4A/S8/PSI/Processeur/Processeur.srcs/sources_1/new/Pipeline.vhd
Note: enabled
Time: 180 ns  Iteration: 1  Process: /Test_Processeur/uut/pip_exmem/line__53  File: /home/mecaliff/Bureau/4A/S8/PSI/Processeur/Processeur.srcs/sources_1/new/Pipeline.vhd
Note: enabled
Time: 180 ns  Iteration: 1  Process: /Test_Processeur/uut/pip_memre/line__53  File: /home/mecaliff/Bureau/4A/S8/PSI/Processeur/Processeur.srcs/sources_1/new/Pipeline.vhd
Note: enabled
Time: 200 ns  Iteration: 1  Process: /Test_Processeur/uut/pip_lidi/line__53  File: /home/mecaliff/Bureau/4A/S8/PSI/Processeur/Processeur.srcs/sources_1/new/Pipeline.vhd
Note: enabled
Time: 200 ns  Iteration: 1  Process: /Test_Processeur/uut/pip_diex/line__53  File: /home/mecaliff/Bureau/4A/S8/PSI/Processeur/Processeur.srcs/sources_1/new/Pipeline.vhd
Note: enabled
Time: 200 ns  Iteration: 1  Process: /Test_Processeur/uut/pip_exmem/line__53  File: /home/mecaliff/Bureau/4A/S8/PSI/Processeur/Processeur.srcs/sources_1/new/Pipeline.vhd
Note: enabled
Time: 200 ns  Iteration: 1  Process: /Test_Processeur/uut/pip_memre/line__53  File: /home/mecaliff/Bureau/4A/S8/PSI/Processeur/Processeur.srcs/sources_1/new/Pipeline.vhd
Note: enabled
Time: 220 ns  Iteration: 1  Process: /Test_Processeur/uut/pip_lidi/line__53  File: /home/mecaliff/Bureau/4A/S8/PSI/Processeur/Processeur.srcs/sources_1/new/Pipeline.vhd
Note: enabled
Time: 220 ns  Iteration: 1  Process: /Test_Processeur/uut/pip_diex/line__53  File: /home/mecaliff/Bureau/4A/S8/PSI/Processeur/Processeur.srcs/sources_1/new/Pipeline.vhd
Note: enabled
Time: 220 ns  Iteration: 1  Process: /Test_Processeur/uut/pip_exmem/line__53  File: /home/mecaliff/Bureau/4A/S8/PSI/Processeur/Processeur.srcs/sources_1/new/Pipeline.vhd
Note: enabled
Time: 220 ns  Iteration: 1  Process: /Test_Processeur/uut/pip_memre/line__53  File: /home/mecaliff/Bureau/4A/S8/PSI/Processeur/Processeur.srcs/sources_1/new/Pipeline.vhd
Note: enabled
Time: 240 ns  Iteration: 1  Process: /Test_Processeur/uut/pip_lidi/line__53  File: /home/mecaliff/Bureau/4A/S8/PSI/Processeur/Processeur.srcs/sources_1/new/Pipeline.vhd
Note: enabled
Time: 240 ns  Iteration: 1  Process: /Test_Processeur/uut/pip_diex/line__53  File: /home/mecaliff/Bureau/4A/S8/PSI/Processeur/Processeur.srcs/sources_1/new/Pipeline.vhd
Note: enabled
Time: 240 ns  Iteration: 1  Process: /Test_Processeur/uut/pip_exmem/line__53  File: /home/mecaliff/Bureau/4A/S8/PSI/Processeur/Processeur.srcs/sources_1/new/Pipeline.vhd
Note: enabled
Time: 240 ns  Iteration: 1  Process: /Test_Processeur/uut/pip_memre/line__53  File: /home/mecaliff/Bureau/4A/S8/PSI/Processeur/Processeur.srcs/sources_1/new/Pipeline.vhd
Note: enabled
Time: 260 ns  Iteration: 1  Process: /Test_Processeur/uut/pip_lidi/line__53  File: /home/mecaliff/Bureau/4A/S8/PSI/Processeur/Processeur.srcs/sources_1/new/Pipeline.vhd
Note: enabled
Time: 260 ns  Iteration: 1  Process: /Test_Processeur/uut/pip_diex/line__53  File: /home/mecaliff/Bureau/4A/S8/PSI/Processeur/Processeur.srcs/sources_1/new/Pipeline.vhd
Note: enabled
Time: 260 ns  Iteration: 1  Process: /Test_Processeur/uut/pip_exmem/line__53  File: /home/mecaliff/Bureau/4A/S8/PSI/Processeur/Processeur.srcs/sources_1/new/Pipeline.vhd
Note: enabled
Time: 260 ns  Iteration: 1  Process: /Test_Processeur/uut/pip_memre/line__53  File: /home/mecaliff/Bureau/4A/S8/PSI/Processeur/Processeur.srcs/sources_1/new/Pipeline.vhd
Note: enabled
Time: 280 ns  Iteration: 1  Process: /Test_Processeur/uut/pip_lidi/line__53  File: /home/mecaliff/Bureau/4A/S8/PSI/Processeur/Processeur.srcs/sources_1/new/Pipeline.vhd
Note: enabled
Time: 280 ns  Iteration: 1  Process: /Test_Processeur/uut/pip_diex/line__53  File: /home/mecaliff/Bureau/4A/S8/PSI/Processeur/Processeur.srcs/sources_1/new/Pipeline.vhd
Note: enabled
Time: 280 ns  Iteration: 1  Process: /Test_Processeur/uut/pip_exmem/line__53  File: /home/mecaliff/Bureau/4A/S8/PSI/Processeur/Processeur.srcs/sources_1/new/Pipeline.vhd
Note: enabled
Time: 280 ns  Iteration: 1  Process: /Test_Processeur/uut/pip_memre/line__53  File: /home/mecaliff/Bureau/4A/S8/PSI/Processeur/Processeur.srcs/sources_1/new/Pipeline.vhd
Note: enabled
Time: 300 ns  Iteration: 1  Process: /Test_Processeur/uut/pip_lidi/line__53  File: /home/mecaliff/Bureau/4A/S8/PSI/Processeur/Processeur.srcs/sources_1/new/Pipeline.vhd
Note: enabled
Time: 300 ns  Iteration: 1  Process: /Test_Processeur/uut/pip_diex/line__53  File: /home/mecaliff/Bureau/4A/S8/PSI/Processeur/Processeur.srcs/sources_1/new/Pipeline.vhd
Note: enabled
Time: 300 ns  Iteration: 1  Process: /Test_Processeur/uut/pip_exmem/line__53  File: /home/mecaliff/Bureau/4A/S8/PSI/Processeur/Processeur.srcs/sources_1/new/Pipeline.vhd
Note: enabled
Time: 300 ns  Iteration: 1  Process: /Test_Processeur/uut/pip_memre/line__53  File: /home/mecaliff/Bureau/4A/S8/PSI/Processeur/Processeur.srcs/sources_1/new/Pipeline.vhd
Note: enabled
Time: 320 ns  Iteration: 1  Process: /Test_Processeur/uut/pip_lidi/line__53  File: /home/mecaliff/Bureau/4A/S8/PSI/Processeur/Processeur.srcs/sources_1/new/Pipeline.vhd
Note: enabled
Time: 320 ns  Iteration: 1  Process: /Test_Processeur/uut/pip_diex/line__53  File: /home/mecaliff/Bureau/4A/S8/PSI/Processeur/Processeur.srcs/sources_1/new/Pipeline.vhd
Note: enabled
Time: 320 ns  Iteration: 1  Process: /Test_Processeur/uut/pip_exmem/line__53  File: /home/mecaliff/Bureau/4A/S8/PSI/Processeur/Processeur.srcs/sources_1/new/Pipeline.vhd
Note: enabled
Time: 320 ns  Iteration: 1  Process: /Test_Processeur/uut/pip_memre/line__53  File: /home/mecaliff/Bureau/4A/S8/PSI/Processeur/Processeur.srcs/sources_1/new/Pipeline.vhd
Note: enabled
Time: 340 ns  Iteration: 1  Process: /Test_Processeur/uut/pip_lidi/line__53  File: /home/mecaliff/Bureau/4A/S8/PSI/Processeur/Processeur.srcs/sources_1/new/Pipeline.vhd
Note: enabled
Time: 340 ns  Iteration: 1  Process: /Test_Processeur/uut/pip_diex/line__53  File: /home/mecaliff/Bureau/4A/S8/PSI/Processeur/Processeur.srcs/sources_1/new/Pipeline.vhd
Note: enabled
Time: 340 ns  Iteration: 1  Process: /Test_Processeur/uut/pip_exmem/line__53  File: /home/mecaliff/Bureau/4A/S8/PSI/Processeur/Processeur.srcs/sources_1/new/Pipeline.vhd
Note: enabled
Time: 340 ns  Iteration: 1  Process: /Test_Processeur/uut/pip_memre/line__53  File: /home/mecaliff/Bureau/4A/S8/PSI/Processeur/Processeur.srcs/sources_1/new/Pipeline.vhd
Note: enabled
Time: 360 ns  Iteration: 1  Process: /Test_Processeur/uut/pip_lidi/line__53  File: /home/mecaliff/Bureau/4A/S8/PSI/Processeur/Processeur.srcs/sources_1/new/Pipeline.vhd
Note: enabled
Time: 360 ns  Iteration: 1  Process: /Test_Processeur/uut/pip_diex/line__53  File: /home/mecaliff/Bureau/4A/S8/PSI/Processeur/Processeur.srcs/sources_1/new/Pipeline.vhd
Note: enabled
Time: 360 ns  Iteration: 1  Process: /Test_Processeur/uut/pip_exmem/line__53  File: /home/mecaliff/Bureau/4A/S8/PSI/Processeur/Processeur.srcs/sources_1/new/Pipeline.vhd
Note: enabled
Time: 360 ns  Iteration: 1  Process: /Test_Processeur/uut/pip_memre/line__53  File: /home/mecaliff/Bureau/4A/S8/PSI/Processeur/Processeur.srcs/sources_1/new/Pipeline.vhd
Note: enabled
Time: 380 ns  Iteration: 1  Process: /Test_Processeur/uut/pip_lidi/line__53  File: /home/mecaliff/Bureau/4A/S8/PSI/Processeur/Processeur.srcs/sources_1/new/Pipeline.vhd
Note: enabled
Time: 380 ns  Iteration: 1  Process: /Test_Processeur/uut/pip_diex/line__53  File: /home/mecaliff/Bureau/4A/S8/PSI/Processeur/Processeur.srcs/sources_1/new/Pipeline.vhd
Note: enabled
Time: 380 ns  Iteration: 1  Process: /Test_Processeur/uut/pip_exmem/line__53  File: /home/mecaliff/Bureau/4A/S8/PSI/Processeur/Processeur.srcs/sources_1/new/Pipeline.vhd
Note: enabled
Time: 380 ns  Iteration: 1  Process: /Test_Processeur/uut/pip_memre/line__53  File: /home/mecaliff/Bureau/4A/S8/PSI/Processeur/Processeur.srcs/sources_1/new/Pipeline.vhd
Note: enabled
Time: 400 ns  Iteration: 1  Process: /Test_Processeur/uut/pip_lidi/line__53  File: /home/mecaliff/Bureau/4A/S8/PSI/Processeur/Processeur.srcs/sources_1/new/Pipeline.vhd
Note: enabled
Time: 400 ns  Iteration: 1  Process: /Test_Processeur/uut/pip_diex/line__53  File: /home/mecaliff/Bureau/4A/S8/PSI/Processeur/Processeur.srcs/sources_1/new/Pipeline.vhd
Note: enabled
Time: 400 ns  Iteration: 1  Process: /Test_Processeur/uut/pip_exmem/line__53  File: /home/mecaliff/Bureau/4A/S8/PSI/Processeur/Processeur.srcs/sources_1/new/Pipeline.vhd
Note: enabled
Time: 400 ns  Iteration: 1  Process: /Test_Processeur/uut/pip_memre/line__53  File: /home/mecaliff/Bureau/4A/S8/PSI/Processeur/Processeur.srcs/sources_1/new/Pipeline.vhd
Note: enabled
Time: 420 ns  Iteration: 1  Process: /Test_Processeur/uut/pip_lidi/line__53  File: /home/mecaliff/Bureau/4A/S8/PSI/Processeur/Processeur.srcs/sources_1/new/Pipeline.vhd
Note: enabled
Time: 420 ns  Iteration: 1  Process: /Test_Processeur/uut/pip_diex/line__53  File: /home/mecaliff/Bureau/4A/S8/PSI/Processeur/Processeur.srcs/sources_1/new/Pipeline.vhd
Note: enabled
Time: 420 ns  Iteration: 1  Process: /Test_Processeur/uut/pip_exmem/line__53  File: /home/mecaliff/Bureau/4A/S8/PSI/Processeur/Processeur.srcs/sources_1/new/Pipeline.vhd
Note: enabled
Time: 420 ns  Iteration: 1  Process: /Test_Processeur/uut/pip_memre/line__53  File: /home/mecaliff/Bureau/4A/S8/PSI/Processeur/Processeur.srcs/sources_1/new/Pipeline.vhd
Note: enabled
Time: 440 ns  Iteration: 1  Process: /Test_Processeur/uut/pip_lidi/line__53  File: /home/mecaliff/Bureau/4A/S8/PSI/Processeur/Processeur.srcs/sources_1/new/Pipeline.vhd
Note: enabled
Time: 440 ns  Iteration: 1  Process: /Test_Processeur/uut/pip_diex/line__53  File: /home/mecaliff/Bureau/4A/S8/PSI/Processeur/Processeur.srcs/sources_1/new/Pipeline.vhd
Note: enabled
Time: 440 ns  Iteration: 1  Process: /Test_Processeur/uut/pip_exmem/line__53  File: /home/mecaliff/Bureau/4A/S8/PSI/Processeur/Processeur.srcs/sources_1/new/Pipeline.vhd
Note: enabled
Time: 440 ns  Iteration: 1  Process: /Test_Processeur/uut/pip_memre/line__53  File: /home/mecaliff/Bureau/4A/S8/PSI/Processeur/Processeur.srcs/sources_1/new/Pipeline.vhd
Note: enabled
Time: 460 ns  Iteration: 1  Process: /Test_Processeur/uut/pip_lidi/line__53  File: /home/mecaliff/Bureau/4A/S8/PSI/Processeur/Processeur.srcs/sources_1/new/Pipeline.vhd
Note: enabled
Time: 460 ns  Iteration: 1  Process: /Test_Processeur/uut/pip_diex/line__53  File: /home/mecaliff/Bureau/4A/S8/PSI/Processeur/Processeur.srcs/sources_1/new/Pipeline.vhd
Note: enabled
Time: 460 ns  Iteration: 1  Process: /Test_Processeur/uut/pip_exmem/line__53  File: /home/mecaliff/Bureau/4A/S8/PSI/Processeur/Processeur.srcs/sources_1/new/Pipeline.vhd
Note: enabled
Time: 460 ns  Iteration: 1  Process: /Test_Processeur/uut/pip_memre/line__53  File: /home/mecaliff/Bureau/4A/S8/PSI/Processeur/Processeur.srcs/sources_1/new/Pipeline.vhd
Note: enabled
Time: 480 ns  Iteration: 1  Process: /Test_Processeur/uut/pip_lidi/line__53  File: /home/mecaliff/Bureau/4A/S8/PSI/Processeur/Processeur.srcs/sources_1/new/Pipeline.vhd
Note: enabled
Time: 480 ns  Iteration: 1  Process: /Test_Processeur/uut/pip_diex/line__53  File: /home/mecaliff/Bureau/4A/S8/PSI/Processeur/Processeur.srcs/sources_1/new/Pipeline.vhd
Note: enabled
Time: 480 ns  Iteration: 1  Process: /Test_Processeur/uut/pip_exmem/line__53  File: /home/mecaliff/Bureau/4A/S8/PSI/Processeur/Processeur.srcs/sources_1/new/Pipeline.vhd
Note: enabled
Time: 480 ns  Iteration: 1  Process: /Test_Processeur/uut/pip_memre/line__53  File: /home/mecaliff/Bureau/4A/S8/PSI/Processeur/Processeur.srcs/sources_1/new/Pipeline.vhd
Note: enabled
Time: 500 ns  Iteration: 1  Process: /Test_Processeur/uut/pip_lidi/line__53  File: /home/mecaliff/Bureau/4A/S8/PSI/Processeur/Processeur.srcs/sources_1/new/Pipeline.vhd
Note: enabled
Time: 500 ns  Iteration: 1  Process: /Test_Processeur/uut/pip_diex/line__53  File: /home/mecaliff/Bureau/4A/S8/PSI/Processeur/Processeur.srcs/sources_1/new/Pipeline.vhd
Note: enabled
Time: 500 ns  Iteration: 1  Process: /Test_Processeur/uut/pip_exmem/line__53  File: /home/mecaliff/Bureau/4A/S8/PSI/Processeur/Processeur.srcs/sources_1/new/Pipeline.vhd
Note: enabled
Time: 500 ns  Iteration: 1  Process: /Test_Processeur/uut/pip_memre/line__53  File: /home/mecaliff/Bureau/4A/S8/PSI/Processeur/Processeur.srcs/sources_1/new/Pipeline.vhd
Note: enabled
Time: 520 ns  Iteration: 1  Process: /Test_Processeur/uut/pip_lidi/line__53  File: /home/mecaliff/Bureau/4A/S8/PSI/Processeur/Processeur.srcs/sources_1/new/Pipeline.vhd
Note: enabled
Time: 520 ns  Iteration: 1  Process: /Test_Processeur/uut/pip_diex/line__53  File: /home/mecaliff/Bureau/4A/S8/PSI/Processeur/Processeur.srcs/sources_1/new/Pipeline.vhd
Note: enabled
Time: 520 ns  Iteration: 1  Process: /Test_Processeur/uut/pip_exmem/line__53  File: /home/mecaliff/Bureau/4A/S8/PSI/Processeur/Processeur.srcs/sources_1/new/Pipeline.vhd
Note: enabled
Time: 520 ns  Iteration: 1  Process: /Test_Processeur/uut/pip_memre/line__53  File: /home/mecaliff/Bureau/4A/S8/PSI/Processeur/Processeur.srcs/sources_1/new/Pipeline.vhd
Note: enabled
Time: 540 ns  Iteration: 1  Process: /Test_Processeur/uut/pip_lidi/line__53  File: /home/mecaliff/Bureau/4A/S8/PSI/Processeur/Processeur.srcs/sources_1/new/Pipeline.vhd
Note: enabled
Time: 540 ns  Iteration: 1  Process: /Test_Processeur/uut/pip_diex/line__53  File: /home/mecaliff/Bureau/4A/S8/PSI/Processeur/Processeur.srcs/sources_1/new/Pipeline.vhd
Note: enabled
Time: 540 ns  Iteration: 1  Process: /Test_Processeur/uut/pip_exmem/line__53  File: /home/mecaliff/Bureau/4A/S8/PSI/Processeur/Processeur.srcs/sources_1/new/Pipeline.vhd
Note: enabled
Time: 540 ns  Iteration: 1  Process: /Test_Processeur/uut/pip_memre/line__53  File: /home/mecaliff/Bureau/4A/S8/PSI/Processeur/Processeur.srcs/sources_1/new/Pipeline.vhd
Note: enabled
Time: 560 ns  Iteration: 1  Process: /Test_Processeur/uut/pip_lidi/line__53  File: /home/mecaliff/Bureau/4A/S8/PSI/Processeur/Processeur.srcs/sources_1/new/Pipeline.vhd
Note: enabled
Time: 560 ns  Iteration: 1  Process: /Test_Processeur/uut/pip_diex/line__53  File: /home/mecaliff/Bureau/4A/S8/PSI/Processeur/Processeur.srcs/sources_1/new/Pipeline.vhd
Note: enabled
Time: 560 ns  Iteration: 1  Process: /Test_Processeur/uut/pip_exmem/line__53  File: /home/mecaliff/Bureau/4A/S8/PSI/Processeur/Processeur.srcs/sources_1/new/Pipeline.vhd
Note: enabled
Time: 560 ns  Iteration: 1  Process: /Test_Processeur/uut/pip_memre/line__53  File: /home/mecaliff/Bureau/4A/S8/PSI/Processeur/Processeur.srcs/sources_1/new/Pipeline.vhd
Note: enabled
Time: 580 ns  Iteration: 1  Process: /Test_Processeur/uut/pip_lidi/line__53  File: /home/mecaliff/Bureau/4A/S8/PSI/Processeur/Processeur.srcs/sources_1/new/Pipeline.vhd
Note: enabled
Time: 580 ns  Iteration: 1  Process: /Test_Processeur/uut/pip_diex/line__53  File: /home/mecaliff/Bureau/4A/S8/PSI/Processeur/Processeur.srcs/sources_1/new/Pipeline.vhd
Note: enabled
Time: 580 ns  Iteration: 1  Process: /Test_Processeur/uut/pip_exmem/line__53  File: /home/mecaliff/Bureau/4A/S8/PSI/Processeur/Processeur.srcs/sources_1/new/Pipeline.vhd
Note: enabled
Time: 580 ns  Iteration: 1  Process: /Test_Processeur/uut/pip_memre/line__53  File: /home/mecaliff/Bureau/4A/S8/PSI/Processeur/Processeur.srcs/sources_1/new/Pipeline.vhd
Note: enabled
Time: 600 ns  Iteration: 1  Process: /Test_Processeur/uut/pip_lidi/line__53  File: /home/mecaliff/Bureau/4A/S8/PSI/Processeur/Processeur.srcs/sources_1/new/Pipeline.vhd
Note: enabled
Time: 600 ns  Iteration: 1  Process: /Test_Processeur/uut/pip_diex/line__53  File: /home/mecaliff/Bureau/4A/S8/PSI/Processeur/Processeur.srcs/sources_1/new/Pipeline.vhd
Note: enabled
Time: 600 ns  Iteration: 1  Process: /Test_Processeur/uut/pip_exmem/line__53  File: /home/mecaliff/Bureau/4A/S8/PSI/Processeur/Processeur.srcs/sources_1/new/Pipeline.vhd
Note: enabled
Time: 600 ns  Iteration: 1  Process: /Test_Processeur/uut/pip_memre/line__53  File: /home/mecaliff/Bureau/4A/S8/PSI/Processeur/Processeur.srcs/sources_1/new/Pipeline.vhd
Note: enabled
Time: 620 ns  Iteration: 1  Process: /Test_Processeur/uut/pip_lidi/line__53  File: /home/mecaliff/Bureau/4A/S8/PSI/Processeur/Processeur.srcs/sources_1/new/Pipeline.vhd
Note: enabled
Time: 620 ns  Iteration: 1  Process: /Test_Processeur/uut/pip_diex/line__53  File: /home/mecaliff/Bureau/4A/S8/PSI/Processeur/Processeur.srcs/sources_1/new/Pipeline.vhd
Note: enabled
Time: 620 ns  Iteration: 1  Process: /Test_Processeur/uut/pip_exmem/line__53  File: /home/mecaliff/Bureau/4A/S8/PSI/Processeur/Processeur.srcs/sources_1/new/Pipeline.vhd
Note: enabled
Time: 620 ns  Iteration: 1  Process: /Test_Processeur/uut/pip_memre/line__53  File: /home/mecaliff/Bureau/4A/S8/PSI/Processeur/Processeur.srcs/sources_1/new/Pipeline.vhd
Note: enabled
Time: 640 ns  Iteration: 1  Process: /Test_Processeur/uut/pip_lidi/line__53  File: /home/mecaliff/Bureau/4A/S8/PSI/Processeur/Processeur.srcs/sources_1/new/Pipeline.vhd
Note: enabled
Time: 640 ns  Iteration: 1  Process: /Test_Processeur/uut/pip_diex/line__53  File: /home/mecaliff/Bureau/4A/S8/PSI/Processeur/Processeur.srcs/sources_1/new/Pipeline.vhd
Note: enabled
Time: 640 ns  Iteration: 1  Process: /Test_Processeur/uut/pip_exmem/line__53  File: /home/mecaliff/Bureau/4A/S8/PSI/Processeur/Processeur.srcs/sources_1/new/Pipeline.vhd
Note: enabled
Time: 640 ns  Iteration: 1  Process: /Test_Processeur/uut/pip_memre/line__53  File: /home/mecaliff/Bureau/4A/S8/PSI/Processeur/Processeur.srcs/sources_1/new/Pipeline.vhd
Note: enabled
Time: 660 ns  Iteration: 1  Process: /Test_Processeur/uut/pip_lidi/line__53  File: /home/mecaliff/Bureau/4A/S8/PSI/Processeur/Processeur.srcs/sources_1/new/Pipeline.vhd
Note: enabled
Time: 660 ns  Iteration: 1  Process: /Test_Processeur/uut/pip_diex/line__53  File: /home/mecaliff/Bureau/4A/S8/PSI/Processeur/Processeur.srcs/sources_1/new/Pipeline.vhd
Note: enabled
Time: 660 ns  Iteration: 1  Process: /Test_Processeur/uut/pip_exmem/line__53  File: /home/mecaliff/Bureau/4A/S8/PSI/Processeur/Processeur.srcs/sources_1/new/Pipeline.vhd
Note: enabled
Time: 660 ns  Iteration: 1  Process: /Test_Processeur/uut/pip_memre/line__53  File: /home/mecaliff/Bureau/4A/S8/PSI/Processeur/Processeur.srcs/sources_1/new/Pipeline.vhd
Note: enabled
Time: 680 ns  Iteration: 1  Process: /Test_Processeur/uut/pip_lidi/line__53  File: /home/mecaliff/Bureau/4A/S8/PSI/Processeur/Processeur.srcs/sources_1/new/Pipeline.vhd
Note: enabled
Time: 680 ns  Iteration: 1  Process: /Test_Processeur/uut/pip_diex/line__53  File: /home/mecaliff/Bureau/4A/S8/PSI/Processeur/Processeur.srcs/sources_1/new/Pipeline.vhd
Note: enabled
Time: 680 ns  Iteration: 1  Process: /Test_Processeur/uut/pip_exmem/line__53  File: /home/mecaliff/Bureau/4A/S8/PSI/Processeur/Processeur.srcs/sources_1/new/Pipeline.vhd
Note: enabled
Time: 680 ns  Iteration: 1  Process: /Test_Processeur/uut/pip_memre/line__53  File: /home/mecaliff/Bureau/4A/S8/PSI/Processeur/Processeur.srcs/sources_1/new/Pipeline.vhd
Note: enabled
Time: 700 ns  Iteration: 1  Process: /Test_Processeur/uut/pip_lidi/line__53  File: /home/mecaliff/Bureau/4A/S8/PSI/Processeur/Processeur.srcs/sources_1/new/Pipeline.vhd
Note: enabled
Time: 700 ns  Iteration: 1  Process: /Test_Processeur/uut/pip_diex/line__53  File: /home/mecaliff/Bureau/4A/S8/PSI/Processeur/Processeur.srcs/sources_1/new/Pipeline.vhd
Note: enabled
Time: 700 ns  Iteration: 1  Process: /Test_Processeur/uut/pip_exmem/line__53  File: /home/mecaliff/Bureau/4A/S8/PSI/Processeur/Processeur.srcs/sources_1/new/Pipeline.vhd
Note: enabled
Time: 700 ns  Iteration: 1  Process: /Test_Processeur/uut/pip_memre/line__53  File: /home/mecaliff/Bureau/4A/S8/PSI/Processeur/Processeur.srcs/sources_1/new/Pipeline.vhd
Note: enabled
Time: 720 ns  Iteration: 1  Process: /Test_Processeur/uut/pip_lidi/line__53  File: /home/mecaliff/Bureau/4A/S8/PSI/Processeur/Processeur.srcs/sources_1/new/Pipeline.vhd
Note: enabled
Time: 720 ns  Iteration: 1  Process: /Test_Processeur/uut/pip_diex/line__53  File: /home/mecaliff/Bureau/4A/S8/PSI/Processeur/Processeur.srcs/sources_1/new/Pipeline.vhd
Note: enabled
Time: 720 ns  Iteration: 1  Process: /Test_Processeur/uut/pip_exmem/line__53  File: /home/mecaliff/Bureau/4A/S8/PSI/Processeur/Processeur.srcs/sources_1/new/Pipeline.vhd
Note: enabled
Time: 720 ns  Iteration: 1  Process: /Test_Processeur/uut/pip_memre/line__53  File: /home/mecaliff/Bureau/4A/S8/PSI/Processeur/Processeur.srcs/sources_1/new/Pipeline.vhd
Note: enabled
Time: 740 ns  Iteration: 1  Process: /Test_Processeur/uut/pip_lidi/line__53  File: /home/mecaliff/Bureau/4A/S8/PSI/Processeur/Processeur.srcs/sources_1/new/Pipeline.vhd
Note: enabled
Time: 740 ns  Iteration: 1  Process: /Test_Processeur/uut/pip_diex/line__53  File: /home/mecaliff/Bureau/4A/S8/PSI/Processeur/Processeur.srcs/sources_1/new/Pipeline.vhd
Note: enabled
Time: 740 ns  Iteration: 1  Process: /Test_Processeur/uut/pip_exmem/line__53  File: /home/mecaliff/Bureau/4A/S8/PSI/Processeur/Processeur.srcs/sources_1/new/Pipeline.vhd
Note: enabled
Time: 740 ns  Iteration: 1  Process: /Test_Processeur/uut/pip_memre/line__53  File: /home/mecaliff/Bureau/4A/S8/PSI/Processeur/Processeur.srcs/sources_1/new/Pipeline.vhd
Note: enabled
Time: 760 ns  Iteration: 1  Process: /Test_Processeur/uut/pip_lidi/line__53  File: /home/mecaliff/Bureau/4A/S8/PSI/Processeur/Processeur.srcs/sources_1/new/Pipeline.vhd
Note: enabled
Time: 760 ns  Iteration: 1  Process: /Test_Processeur/uut/pip_diex/line__53  File: /home/mecaliff/Bureau/4A/S8/PSI/Processeur/Processeur.srcs/sources_1/new/Pipeline.vhd
Note: enabled
Time: 760 ns  Iteration: 1  Process: /Test_Processeur/uut/pip_exmem/line__53  File: /home/mecaliff/Bureau/4A/S8/PSI/Processeur/Processeur.srcs/sources_1/new/Pipeline.vhd
Note: enabled
Time: 760 ns  Iteration: 1  Process: /Test_Processeur/uut/pip_memre/line__53  File: /home/mecaliff/Bureau/4A/S8/PSI/Processeur/Processeur.srcs/sources_1/new/Pipeline.vhd
Note: enabled
Time: 780 ns  Iteration: 1  Process: /Test_Processeur/uut/pip_lidi/line__53  File: /home/mecaliff/Bureau/4A/S8/PSI/Processeur/Processeur.srcs/sources_1/new/Pipeline.vhd
Note: enabled
Time: 780 ns  Iteration: 1  Process: /Test_Processeur/uut/pip_diex/line__53  File: /home/mecaliff/Bureau/4A/S8/PSI/Processeur/Processeur.srcs/sources_1/new/Pipeline.vhd
Note: enabled
Time: 780 ns  Iteration: 1  Process: /Test_Processeur/uut/pip_exmem/line__53  File: /home/mecaliff/Bureau/4A/S8/PSI/Processeur/Processeur.srcs/sources_1/new/Pipeline.vhd
Note: enabled
Time: 780 ns  Iteration: 1  Process: /Test_Processeur/uut/pip_memre/line__53  File: /home/mecaliff/Bureau/4A/S8/PSI/Processeur/Processeur.srcs/sources_1/new/Pipeline.vhd
Note: enabled
Time: 800 ns  Iteration: 1  Process: /Test_Processeur/uut/pip_lidi/line__53  File: /home/mecaliff/Bureau/4A/S8/PSI/Processeur/Processeur.srcs/sources_1/new/Pipeline.vhd
Note: enabled
Time: 800 ns  Iteration: 1  Process: /Test_Processeur/uut/pip_diex/line__53  File: /home/mecaliff/Bureau/4A/S8/PSI/Processeur/Processeur.srcs/sources_1/new/Pipeline.vhd
Note: enabled
Time: 800 ns  Iteration: 1  Process: /Test_Processeur/uut/pip_exmem/line__53  File: /home/mecaliff/Bureau/4A/S8/PSI/Processeur/Processeur.srcs/sources_1/new/Pipeline.vhd
Note: enabled
Time: 800 ns  Iteration: 1  Process: /Test_Processeur/uut/pip_memre/line__53  File: /home/mecaliff/Bureau/4A/S8/PSI/Processeur/Processeur.srcs/sources_1/new/Pipeline.vhd
Note: enabled
Time: 820 ns  Iteration: 1  Process: /Test_Processeur/uut/pip_lidi/line__53  File: /home/mecaliff/Bureau/4A/S8/PSI/Processeur/Processeur.srcs/sources_1/new/Pipeline.vhd
Note: enabled
Time: 820 ns  Iteration: 1  Process: /Test_Processeur/uut/pip_diex/line__53  File: /home/mecaliff/Bureau/4A/S8/PSI/Processeur/Processeur.srcs/sources_1/new/Pipeline.vhd
Note: enabled
Time: 820 ns  Iteration: 1  Process: /Test_Processeur/uut/pip_exmem/line__53  File: /home/mecaliff/Bureau/4A/S8/PSI/Processeur/Processeur.srcs/sources_1/new/Pipeline.vhd
Note: enabled
Time: 820 ns  Iteration: 1  Process: /Test_Processeur/uut/pip_memre/line__53  File: /home/mecaliff/Bureau/4A/S8/PSI/Processeur/Processeur.srcs/sources_1/new/Pipeline.vhd
Note: enabled
Time: 840 ns  Iteration: 1  Process: /Test_Processeur/uut/pip_lidi/line__53  File: /home/mecaliff/Bureau/4A/S8/PSI/Processeur/Processeur.srcs/sources_1/new/Pipeline.vhd
Note: enabled
Time: 840 ns  Iteration: 1  Process: /Test_Processeur/uut/pip_diex/line__53  File: /home/mecaliff/Bureau/4A/S8/PSI/Processeur/Processeur.srcs/sources_1/new/Pipeline.vhd
Note: enabled
Time: 840 ns  Iteration: 1  Process: /Test_Processeur/uut/pip_exmem/line__53  File: /home/mecaliff/Bureau/4A/S8/PSI/Processeur/Processeur.srcs/sources_1/new/Pipeline.vhd
Note: enabled
Time: 840 ns  Iteration: 1  Process: /Test_Processeur/uut/pip_memre/line__53  File: /home/mecaliff/Bureau/4A/S8/PSI/Processeur/Processeur.srcs/sources_1/new/Pipeline.vhd
Note: enabled
Time: 860 ns  Iteration: 1  Process: /Test_Processeur/uut/pip_lidi/line__53  File: /home/mecaliff/Bureau/4A/S8/PSI/Processeur/Processeur.srcs/sources_1/new/Pipeline.vhd
Note: enabled
Time: 860 ns  Iteration: 1  Process: /Test_Processeur/uut/pip_diex/line__53  File: /home/mecaliff/Bureau/4A/S8/PSI/Processeur/Processeur.srcs/sources_1/new/Pipeline.vhd
Note: enabled
Time: 860 ns  Iteration: 1  Process: /Test_Processeur/uut/pip_exmem/line__53  File: /home/mecaliff/Bureau/4A/S8/PSI/Processeur/Processeur.srcs/sources_1/new/Pipeline.vhd
Note: enabled
Time: 860 ns  Iteration: 1  Process: /Test_Processeur/uut/pip_memre/line__53  File: /home/mecaliff/Bureau/4A/S8/PSI/Processeur/Processeur.srcs/sources_1/new/Pipeline.vhd
Note: enabled
Time: 880 ns  Iteration: 1  Process: /Test_Processeur/uut/pip_lidi/line__53  File: /home/mecaliff/Bureau/4A/S8/PSI/Processeur/Processeur.srcs/sources_1/new/Pipeline.vhd
Note: enabled
Time: 880 ns  Iteration: 1  Process: /Test_Processeur/uut/pip_diex/line__53  File: /home/mecaliff/Bureau/4A/S8/PSI/Processeur/Processeur.srcs/sources_1/new/Pipeline.vhd
