
*** Running vivado
    with args -log Processeur.vds -m64 -product Vivado -mode batch -messageDb vivado.pb -notrace -source Processeur.tcl


****** Vivado v2018.2 (64-bit)
  **** SW Build 2258646 on Thu Jun 14 20:02:38 MDT 2018
  **** IP Build 2256618 on Thu Jun 14 22:10:49 MDT 2018
    ** Copyright 1986-2018 Xilinx, Inc. All Rights Reserved.

source Processeur.tcl -notrace
Command: synth_design -top Processeur -part xc7a35tcpg236-1
Starting synth_design
Attempting to get a license for feature 'Synthesis' and/or device 'xc7a35t'
INFO: [Common 17-349] Got license for feature 'Synthesis' and/or device 'xc7a35t'
INFO: Launching helper process for spawning children vivado processes
INFO: Helper process launched with PID 7115 
---------------------------------------------------------------------------------
Starting Synthesize : Time (s): cpu = 00:00:02 ; elapsed = 00:00:02 . Memory (MB): peak = 1255.273 ; gain = 83.828 ; free physical = 2638 ; free virtual = 13907
---------------------------------------------------------------------------------
INFO: [Synth 8-638] synthesizing module 'Processeur' [/home/mecaliff/Bureau/4A/S8/PSI/Processeur/Processeur.srcs/sources_1/new/Processeur.vhd:41]
INFO: [Synth 8-3491] module 'Instruction_Memory' declared at '/home/mecaliff/Bureau/4A/S8/PSI/Processeur/Processeur.srcs/sources_1/new/Instruction_Memory.vhd:34' bound to instance 'main_instruction_mem' of component 'Instruction_Memory' [/home/mecaliff/Bureau/4A/S8/PSI/Processeur/Processeur.srcs/sources_1/new/Processeur.vhd:120]
INFO: [Synth 8-638] synthesizing module 'Instruction_Memory' [/home/mecaliff/Bureau/4A/S8/PSI/Processeur/Processeur.srcs/sources_1/new/Instruction_Memory.vhd:40]
INFO: [Synth 8-256] done synthesizing module 'Instruction_Memory' (1#1) [/home/mecaliff/Bureau/4A/S8/PSI/Processeur/Processeur.srcs/sources_1/new/Instruction_Memory.vhd:40]
INFO: [Synth 8-3491] module 'Pipeline' declared at '/home/mecaliff/Bureau/4A/S8/PSI/Processeur/Processeur.srcs/sources_1/new/Pipeline.vhd:34' bound to instance 'pip_lidi' of component 'Pipeline' [/home/mecaliff/Bureau/4A/S8/PSI/Processeur/Processeur.srcs/sources_1/new/Processeur.vhd:125]
INFO: [Synth 8-638] synthesizing module 'Pipeline' [/home/mecaliff/Bureau/4A/S8/PSI/Processeur/Processeur.srcs/sources_1/new/Pipeline.vhd:47]
INFO: [Synth 8-256] done synthesizing module 'Pipeline' (2#1) [/home/mecaliff/Bureau/4A/S8/PSI/Processeur/Processeur.srcs/sources_1/new/Pipeline.vhd:47]
INFO: [Synth 8-3491] module 'Pipeline' declared at '/home/mecaliff/Bureau/4A/S8/PSI/Processeur/Processeur.srcs/sources_1/new/Pipeline.vhd:34' bound to instance 'pip_diex' of component 'Pipeline' [/home/mecaliff/Bureau/4A/S8/PSI/Processeur/Processeur.srcs/sources_1/new/Processeur.vhd:136]
INFO: [Synth 8-3491] module 'Pipeline' declared at '/home/mecaliff/Bureau/4A/S8/PSI/Processeur/Processeur.srcs/sources_1/new/Pipeline.vhd:34' bound to instance 'pip_exmem' of component 'Pipeline' [/home/mecaliff/Bureau/4A/S8/PSI/Processeur/Processeur.srcs/sources_1/new/Processeur.vhd:147]
INFO: [Synth 8-3491] module 'Pipeline' declared at '/home/mecaliff/Bureau/4A/S8/PSI/Processeur/Processeur.srcs/sources_1/new/Pipeline.vhd:34' bound to instance 'pip_memre' of component 'Pipeline' [/home/mecaliff/Bureau/4A/S8/PSI/Processeur/Processeur.srcs/sources_1/new/Processeur.vhd:158]
INFO: [Synth 8-3491] module 'Banc_Registre' declared at '/home/mecaliff/Bureau/4A/S8/PSI/Processeur/Processeur.srcs/sources_1/new/Banc_Registre.vhd:34' bound to instance 'main_banc_reg' of component 'Banc_Registre' [/home/mecaliff/Bureau/4A/S8/PSI/Processeur/Processeur.srcs/sources_1/new/Processeur.vhd:170]
INFO: [Synth 8-638] synthesizing module 'Banc_Registre' [/home/mecaliff/Bureau/4A/S8/PSI/Processeur/Processeur.srcs/sources_1/new/Banc_Registre.vhd:46]
INFO: [Synth 8-256] done synthesizing module 'Banc_Registre' (3#1) [/home/mecaliff/Bureau/4A/S8/PSI/Processeur/Processeur.srcs/sources_1/new/Banc_Registre.vhd:46]
WARNING: [Synth 8-3848] Net instruction_A in module/entity Processeur does not have driver. [/home/mecaliff/Bureau/4A/S8/PSI/Processeur/Processeur.srcs/sources_1/new/Processeur.vhd:99]
WARNING: [Synth 8-3848] Net instruction_B in module/entity Processeur does not have driver. [/home/mecaliff/Bureau/4A/S8/PSI/Processeur/Processeur.srcs/sources_1/new/Processeur.vhd:100]
WARNING: [Synth 8-3848] Net instruction_C in module/entity Processeur does not have driver. [/home/mecaliff/Bureau/4A/S8/PSI/Processeur/Processeur.srcs/sources_1/new/Processeur.vhd:101]
WARNING: [Synth 8-3848] Net instruction_Op in module/entity Processeur does not have driver. [/home/mecaliff/Bureau/4A/S8/PSI/Processeur/Processeur.srcs/sources_1/new/Processeur.vhd:102]
INFO: [Synth 8-256] done synthesizing module 'Processeur' (4#1) [/home/mecaliff/Bureau/4A/S8/PSI/Processeur/Processeur.srcs/sources_1/new/Processeur.vhd:41]
---------------------------------------------------------------------------------
Finished Synthesize : Time (s): cpu = 00:00:02 ; elapsed = 00:00:03 . Memory (MB): peak = 1299.898 ; gain = 128.453 ; free physical = 2639 ; free virtual = 13909
---------------------------------------------------------------------------------
---------------------------------------------------------------------------------
Finished Constraint Validation : Time (s): cpu = 00:00:02 ; elapsed = 00:00:03 . Memory (MB): peak = 1299.898 ; gain = 128.453 ; free physical = 2639 ; free virtual = 13909
---------------------------------------------------------------------------------
---------------------------------------------------------------------------------
Start Loading Part and Timing Information
---------------------------------------------------------------------------------
Loading part: xc7a35tcpg236-1
---------------------------------------------------------------------------------
INFO: [Device 21-403] Loading part xc7a35tcpg236-1
Finished Loading Part and Timing Information : Time (s): cpu = 00:00:02 ; elapsed = 00:00:03 . Memory (MB): peak = 1307.902 ; gain = 136.457 ; free physical = 2639 ; free virtual = 13909
---------------------------------------------------------------------------------
INFO: [Synth 8-5546] ROM "LC" won't be mapped to RAM because it is too sparse
---------------------------------------------------------------------------------
Finished RTL Optimization Phase 2 : Time (s): cpu = 00:00:03 ; elapsed = 00:00:04 . Memory (MB): peak = 1323.918 ; gain = 152.473 ; free physical = 2623 ; free virtual = 13895
---------------------------------------------------------------------------------

Report RTL Partitions: 
+-+--------------+------------+----------+
| |RTL Partition |Replication |Instances |
+-+--------------+------------+----------+
+-+--------------+------------+----------+
No constraint files found.
---------------------------------------------------------------------------------
Start RTL Component Statistics 
---------------------------------------------------------------------------------
Detailed RTL Component Info : 
+---Registers : 
	               27 Bit    Registers := 1     
	                8 Bit    Registers := 34    
+---Muxes : 
	 256 Input     27 Bit        Muxes := 1     
	   2 Input      8 Bit        Muxes := 101   
	   2 Input      1 Bit        Muxes := 97    
---------------------------------------------------------------------------------
Finished RTL Component Statistics 
---------------------------------------------------------------------------------
---------------------------------------------------------------------------------
Start RTL Hierarchical Component Statistics 
---------------------------------------------------------------------------------
Hierarchical RTL Component report 
Module Processeur 
Detailed RTL Component Info : 
+---Muxes : 
	   2 Input      1 Bit        Muxes := 1     
Module Instruction_Memory 
Detailed RTL Component Info : 
+---Registers : 
	               27 Bit    Registers := 1     
+---Muxes : 
	 256 Input     27 Bit        Muxes := 1     
Module Pipeline 
Detailed RTL Component Info : 
+---Registers : 
	                8 Bit    Registers := 4     
Module Banc_Registre 
Detailed RTL Component Info : 
+---Registers : 
	                8 Bit    Registers := 18    
+---Muxes : 
	   2 Input      8 Bit        Muxes := 101   
	   2 Input      1 Bit        Muxes := 96    
---------------------------------------------------------------------------------
Finished RTL Hierarchical Component Statistics
---------------------------------------------------------------------------------
---------------------------------------------------------------------------------
Start Part Resource Summary
---------------------------------------------------------------------------------
Part Resources:
DSPs: 90 (col length:60)
BRAMs: 100 (col length: RAMB18 60 RAMB36 30)
---------------------------------------------------------------------------------
Finished Part Resource Summary
---------------------------------------------------------------------------------
No constraint files found.
---------------------------------------------------------------------------------
Start Cross Boundary and Area Optimization
---------------------------------------------------------------------------------
Warning: Parallel synthesis criteria is not met 
WARNING: [Synth 8-6014] Unused sequential element main_instruction_mem/OUT_instr_reg was removed.  [/home/mecaliff/Bureau/4A/S8/PSI/Processeur/Processeur.srcs/sources_1/new/Instruction_Memory.vhd:62]
WARNING: [Synth 8-6014] Unused sequential element pip_lidi/C_out_reg was removed.  [/home/mecaliff/Bureau/4A/S8/PSI/Processeur/Processeur.srcs/sources_1/new/Pipeline.vhd:56]
WARNING: [Synth 8-6014] Unused sequential element pip_diex/C_out_reg was removed.  [/home/mecaliff/Bureau/4A/S8/PSI/Processeur/Processeur.srcs/sources_1/new/Pipeline.vhd:56]
WARNING: [Synth 8-6014] Unused sequential element pip_exmem/C_out_reg was removed.  [/home/mecaliff/Bureau/4A/S8/PSI/Processeur/Processeur.srcs/sources_1/new/Pipeline.vhd:56]
WARNING: [Synth 8-6014] Unused sequential element pip_memre/C_out_reg was removed.  [/home/mecaliff/Bureau/4A/S8/PSI/Processeur/Processeur.srcs/sources_1/new/Pipeline.vhd:56]
WARNING: [Synth 8-3936] Found unconnected internal register 'pip_memre/A_out_reg' and it is trimmed from '8' to '4' bits. [/home/mecaliff/Bureau/4A/S8/PSI/Processeur/Processeur.srcs/sources_1/new/Pipeline.vhd:54]
WARNING: [Synth 8-3936] Found unconnected internal register 'pip_exmem/A_out_reg' and it is trimmed from '8' to '4' bits. [/home/mecaliff/Bureau/4A/S8/PSI/Processeur/Processeur.srcs/sources_1/new/Pipeline.vhd:54]
WARNING: [Synth 8-3936] Found unconnected internal register 'pip_diex/A_out_reg' and it is trimmed from '8' to '4' bits. [/home/mecaliff/Bureau/4A/S8/PSI/Processeur/Processeur.srcs/sources_1/new/Pipeline.vhd:54]
WARNING: [Synth 8-3936] Found unconnected internal register 'pip_lidi/A_out_reg' and it is trimmed from '8' to '4' bits. [/home/mecaliff/Bureau/4A/S8/PSI/Processeur/Processeur.srcs/sources_1/new/Pipeline.vhd:54]
INFO: [Synth 8-5546] ROM "LC" won't be mapped to RAM because it is too sparse
WARNING: [Synth 8-3331] design Processeur has unconnected port IP[7]
WARNING: [Synth 8-3331] design Processeur has unconnected port IP[6]
WARNING: [Synth 8-3331] design Processeur has unconnected port IP[5]
WARNING: [Synth 8-3331] design Processeur has unconnected port IP[4]
WARNING: [Synth 8-3331] design Processeur has unconnected port IP[3]
WARNING: [Synth 8-3331] design Processeur has unconnected port IP[2]
WARNING: [Synth 8-3331] design Processeur has unconnected port IP[1]
WARNING: [Synth 8-3331] design Processeur has unconnected port IP[0]
WARNING: [Synth 8-3332] Sequential element (main_banc_reg/registre_reg[0][7]) is unused and will be removed from module Processeur.
WARNING: [Synth 8-3332] Sequential element (main_banc_reg/registre_reg[0][6]) is unused and will be removed from module Processeur.
WARNING: [Synth 8-3332] Sequential element (main_banc_reg/registre_reg[0][5]) is unused and will be removed from module Processeur.
WARNING: [Synth 8-3332] Sequential element (main_banc_reg/registre_reg[0][4]) is unused and will be removed from module Processeur.
WARNING: [Synth 8-3332] Sequential element (main_banc_reg/registre_reg[0][3]) is unused and will be removed from module Processeur.
WARNING: [Synth 8-3332] Sequential element (main_banc_reg/registre_reg[0][2]) is unused and will be removed from module Processeur.
WARNING: [Synth 8-3332] Sequential element (main_banc_reg/registre_reg[0][1]) is unused and will be removed from module Processeur.
WARNING: [Synth 8-3332] Sequential element (main_banc_reg/registre_reg[0][0]) is unused and will be removed from module Processeur.
WARNING: [Synth 8-3332] Sequential element (main_banc_reg/registre_reg[1][7]) is unused and will be removed from module Processeur.
WARNING: [Synth 8-3332] Sequential element (main_banc_reg/registre_reg[1][6]) is unused and will be removed from module Processeur.
WARNING: [Synth 8-3332] Sequential element (main_banc_reg/registre_reg[1][5]) is unused and will be removed from module Processeur.
WARNING: [Synth 8-3332] Sequential element (main_banc_reg/registre_reg[1][4]) is unused and will be removed from module Processeur.
WARNING: [Synth 8-3332] Sequential element (main_banc_reg/registre_reg[1][3]) is unused and will be removed from module Processeur.
WARNING: [Synth 8-3332] Sequential element (main_banc_reg/registre_reg[1][2]) is unused and will be removed from module Processeur.
WARNING: [Synth 8-3332] Sequential element (main_banc_reg/registre_reg[1][1]) is unused and will be removed from module Processeur.
WARNING: [Synth 8-3332] Sequential element (main_banc_reg/registre_reg[1][0]) is unused and will be removed from module Processeur.
WARNING: [Synth 8-3332] Sequential element (main_banc_reg/registre_reg[2][7]) is unused and will be removed from module Processeur.
WARNING: [Synth 8-3332] Sequential element (main_banc_reg/registre_reg[2][6]) is unused and will be removed from module Processeur.
WARNING: [Synth 8-3332] Sequential element (main_banc_reg/registre_reg[2][5]) is unused and will be removed from module Processeur.
WARNING: [Synth 8-3332] Sequential element (main_banc_reg/registre_reg[2][4]) is unused and will be removed from module Processeur.
WARNING: [Synth 8-3332] Sequential element (main_banc_reg/registre_reg[2][3]) is unused and will be removed from module Processeur.
WARNING: [Synth 8-3332] Sequential element (main_banc_reg/registre_reg[2][2]) is unused and will be removed from module Processeur.
WARNING: [Synth 8-3332] Sequential element (main_banc_reg/registre_reg[2][1]) is unused and will be removed from module Processeur.
WARNING: [Synth 8-3332] Sequential element (main_banc_reg/registre_reg[2][0]) is unused and will be removed from module Processeur.
WARNING: [Synth 8-3332] Sequential element (main_banc_reg/registre_reg[3][7]) is unused and will be removed from module Processeur.
WARNING: [Synth 8-3332] Sequential element (main_banc_reg/registre_reg[3][6]) is unused and will be removed from module Processeur.
WARNING: [Synth 8-3332] Sequential element (main_banc_reg/registre_reg[3][5]) is unused and will be removed from module Processeur.
WARNING: [Synth 8-3332] Sequential element (main_banc_reg/registre_reg[3][4]) is unused and will be removed from module Processeur.
WARNING: [Synth 8-3332] Sequential element (main_banc_reg/registre_reg[3][3]) is unused and will be removed from module Processeur.
WARNING: [Synth 8-3332] Sequential element (main_banc_reg/registre_reg[3][2]) is unused and will be removed from module Processeur.
WARNING: [Synth 8-3332] Sequential element (main_banc_reg/registre_reg[3][1]) is unused and will be removed from module Processeur.
WARNING: [Synth 8-3332] Sequential element (main_banc_reg/registre_reg[3][0]) is unused and will be removed from module Processeur.
WARNING: [Synth 8-3332] Sequential element (main_banc_reg/registre_reg[4][7]) is unused and will be removed from module Processeur.
WARNING: [Synth 8-3332] Sequential element (main_banc_reg/registre_reg[4][6]) is unused and will be removed from module Processeur.
WARNING: [Synth 8-3332] Sequential element (main_banc_reg/registre_reg[4][5]) is unused and will be removed from module Processeur.
WARNING: [Synth 8-3332] Sequential element (main_banc_reg/registre_reg[4][4]) is unused and will be removed from module Processeur.
WARNING: [Synth 8-3332] Sequential element (main_banc_reg/registre_reg[4][3]) is unused and will be removed from module Processeur.
WARNING: [Synth 8-3332] Sequential element (main_banc_reg/registre_reg[4][2]) is unused and will be removed from module Processeur.
WARNING: [Synth 8-3332] Sequential element (main_banc_reg/registre_reg[4][1]) is unused and will be removed from module Processeur.
WARNING: [Synth 8-3332] Sequential element (main_banc_reg/registre_reg[4][0]) is unused and will be removed from module Processeur.
WARNING: [Synth 8-3332] Sequential element (main_banc_reg/registre_reg[5][7]) is unused and will be removed from module Processeur.
WARNING: [Synth 8-3332] Sequential element (main_banc_reg/registre_reg[5][6]) is unused and will be removed from module Processeur.
WARNING: [Synth 8-3332] Sequential element (main_banc_reg/registre_reg[5][5]) is unused and will be removed from module Processeur.
WARNING: [Synth 8-3332] Sequential element (main_banc_reg/registre_reg[5][4]) is unused and will be removed from module Processeur.
WARNING: [Synth 8-3332] Sequential element (main_banc_reg/registre_reg[5][3]) is unused and will be removed from module Processeur.
WARNING: [Synth 8-3332] Sequential element (main_banc_reg/registre_reg[5][2]) is unused and will be removed from module Processeur.
WARNING: [Synth 8-3332] Sequential element (main_banc_reg/registre_reg[5][1]) is unused and will be removed from module Processeur.
WARNING: [Synth 8-3332] Sequential element (main_banc_reg/registre_reg[5][0]) is unused and will be removed from module Processeur.
WARNING: [Synth 8-3332] Sequential element (main_banc_reg/registre_reg[6][7]) is unused and will be removed from module Processeur.
WARNING: [Synth 8-3332] Sequential element (main_banc_reg/registre_reg[6][6]) is unused and will be removed from module Processeur.
WARNING: [Synth 8-3332] Sequential element (main_banc_reg/registre_reg[6][5]) is unused and will be removed from module Processeur.
WARNING: [Synth 8-3332] Sequential element (main_banc_reg/registre_reg[6][4]) is unused and will be removed from module Processeur.
WARNING: [Synth 8-3332] Sequential element (main_banc_reg/registre_reg[6][3]) is unused and will be removed from module Processeur.
WARNING: [Synth 8-3332] Sequential element (main_banc_reg/registre_reg[6][2]) is unused and will be removed from module Processeur.
WARNING: [Synth 8-3332] Sequential element (main_banc_reg/registre_reg[6][1]) is unused and will be removed from module Processeur.
WARNING: [Synth 8-3332] Sequential element (main_banc_reg/registre_reg[6][0]) is unused and will be removed from module Processeur.
WARNING: [Synth 8-3332] Sequential element (main_banc_reg/registre_reg[7][7]) is unused and will be removed from module Processeur.
WARNING: [Synth 8-3332] Sequential element (main_banc_reg/registre_reg[7][6]) is unused and will be removed from module Processeur.
WARNING: [Synth 8-3332] Sequential element (main_banc_reg/registre_reg[7][5]) is unused and will be removed from module Processeur.
WARNING: [Synth 8-3332] Sequential element (main_banc_reg/registre_reg[7][4]) is unused and will be removed from module Processeur.
WARNING: [Synth 8-3332] Sequential element (main_banc_reg/registre_reg[7][3]) is unused and will be removed from module Processeur.
WARNING: [Synth 8-3332] Sequential element (main_banc_reg/registre_reg[7][2]) is unused and will be removed from module Processeur.
WARNING: [Synth 8-3332] Sequential element (main_banc_reg/registre_reg[7][1]) is unused and will be removed from module Processeur.
WARNING: [Synth 8-3332] Sequential element (main_banc_reg/registre_reg[7][0]) is unused and will be removed from module Processeur.
WARNING: [Synth 8-3332] Sequential element (main_banc_reg/registre_reg[8][7]) is unused and will be removed from module Processeur.
WARNING: [Synth 8-3332] Sequential element (main_banc_reg/registre_reg[8][6]) is unused and will be removed from module Processeur.
WARNING: [Synth 8-3332] Sequential element (main_banc_reg/registre_reg[8][5]) is unused and will be removed from module Processeur.
WARNING: [Synth 8-3332] Sequential element (main_banc_reg/registre_reg[8][4]) is unused and will be removed from module Processeur.
WARNING: [Synth 8-3332] Sequential element (main_banc_reg/registre_reg[8][3]) is unused and will be removed from module Processeur.
WARNING: [Synth 8-3332] Sequential element (main_banc_reg/registre_reg[8][2]) is unused and will be removed from module Processeur.
WARNING: [Synth 8-3332] Sequential element (main_banc_reg/registre_reg[8][1]) is unused and will be removed from module Processeur.
WARNING: [Synth 8-3332] Sequential element (main_banc_reg/registre_reg[8][0]) is unused and will be removed from module Processeur.
WARNING: [Synth 8-3332] Sequential element (main_banc_reg/registre_reg[9][7]) is unused and will be removed from module Processeur.
WARNING: [Synth 8-3332] Sequential element (main_banc_reg/registre_reg[9][6]) is unused and will be removed from module Processeur.
WARNING: [Synth 8-3332] Sequential element (main_banc_reg/registre_reg[9][5]) is unused and will be removed from module Processeur.
WARNING: [Synth 8-3332] Sequential element (main_banc_reg/registre_reg[9][4]) is unused and will be removed from module Processeur.
WARNING: [Synth 8-3332] Sequential element (main_banc_reg/registre_reg[9][3]) is unused and will be removed from module Processeur.
WARNING: [Synth 8-3332] Sequential element (main_banc_reg/registre_reg[9][2]) is unused and will be removed from module Processeur.
WARNING: [Synth 8-3332] Sequential element (main_banc_reg/registre_reg[9][1]) is unused and will be removed from module Processeur.
WARNING: [Synth 8-3332] Sequential element (main_banc_reg/registre_reg[9][0]) is unused and will be removed from module Processeur.
WARNING: [Synth 8-3332] Sequential element (main_banc_reg/registre_reg[10][7]) is unused and will be removed from module Processeur.
WARNING: [Synth 8-3332] Sequential element (main_banc_reg/registre_reg[10][6]) is unused and will be removed from module Processeur.
WARNING: [Synth 8-3332] Sequential element (main_banc_reg/registre_reg[10][5]) is unused and will be removed from module Processeur.
WARNING: [Synth 8-3332] Sequential element (main_banc_reg/registre_reg[10][4]) is unused and will be removed from module Processeur.
WARNING: [Synth 8-3332] Sequential element (main_banc_reg/registre_reg[10][3]) is unused and will be removed from module Processeur.
WARNING: [Synth 8-3332] Sequential element (main_banc_reg/registre_reg[10][2]) is unused and will be removed from module Processeur.
WARNING: [Synth 8-3332] Sequential element (main_banc_reg/registre_reg[10][1]) is unused and will be removed from module Processeur.
WARNING: [Synth 8-3332] Sequential element (main_banc_reg/registre_reg[10][0]) is unused and will be removed from module Processeur.
WARNING: [Synth 8-3332] Sequential element (main_banc_reg/registre_reg[11][7]) is unused and will be removed from module Processeur.
WARNING: [Synth 8-3332] Sequential element (main_banc_reg/registre_reg[11][6]) is unused and will be removed from module Processeur.
WARNING: [Synth 8-3332] Sequential element (main_banc_reg/registre_reg[11][5]) is unused and will be removed from module Processeur.
WARNING: [Synth 8-3332] Sequential element (main_banc_reg/registre_reg[11][4]) is unused and will be removed from module Processeur.
WARNING: [Synth 8-3332] Sequential element (main_banc_reg/registre_reg[11][3]) is unused and will be removed from module Processeur.
WARNING: [Synth 8-3332] Sequential element (main_banc_reg/registre_reg[11][2]) is unused and will be removed from module Processeur.
WARNING: [Synth 8-3332] Sequential element (main_banc_reg/registre_reg[11][1]) is unused and will be removed from module Processeur.
WARNING: [Synth 8-3332] Sequential element (main_banc_reg/registre_reg[11][0]) is unused and will be removed from module Processeur.
WARNING: [Synth 8-3332] Sequential element (main_banc_reg/registre_reg[12][7]) is unused and will be removed from module Processeur.
WARNING: [Synth 8-3332] Sequential element (main_banc_reg/registre_reg[12][6]) is unused and will be removed from module Processeur.
WARNING: [Synth 8-3332] Sequential element (main_banc_reg/registre_reg[12][5]) is unused and will be removed from module Processeur.
WARNING: [Synth 8-3332] Sequential element (main_banc_reg/registre_reg[12][4]) is unused and will be removed from module Processeur.
INFO: [Common 17-14] Message 'Synth 8-3332' appears 100 times and further instances of the messages will be disabled. Use the Tcl command set_msg_config to change the current settings.
---------------------------------------------------------------------------------
Finished Cross Boundary and Area Optimization : Time (s): cpu = 00:00:09 ; elapsed = 00:00:17 . Memory (MB): peak = 1416.004 ; gain = 244.559 ; free physical = 2451 ; free virtual = 13741
---------------------------------------------------------------------------------

Report RTL Partitions: 
+-+--------------+------------+----------+
| |RTL Partition |Replication |Instances |
+-+--------------+------------+----------+
+-+--------------+------------+----------+
No constraint files found.
---------------------------------------------------------------------------------
Start Timing Optimization
---------------------------------------------------------------------------------
---------------------------------------------------------------------------------
Finished Timing Optimization : Time (s): cpu = 00:00:09 ; elapsed = 00:00:18 . Memory (MB): peak = 1416.004 ; gain = 244.559 ; free physical = 2451 ; free virtual = 13740
---------------------------------------------------------------------------------

Report RTL Partitions: 
+-+--------------+------------+----------+
| |RTL Partition |Replication |Instances |
+-+--------------+------------+----------+
+-+--------------+------------+----------+
---------------------------------------------------------------------------------
Start Technology Mapping
---------------------------------------------------------------------------------
---------------------------------------------------------------------------------
Finished Technology Mapping : Time (s): cpu = 00:00:09 ; elapsed = 00:00:18 . Memory (MB): peak = 1416.004 ; gain = 244.559 ; free physical = 2451 ; free virtual = 13740
---------------------------------------------------------------------------------

Report RTL Partitions: 
+-+--------------+------------+----------+
| |RTL Partition |Replication |Instances |
+-+--------------+------------+----------+
+-+--------------+------------+----------+
---------------------------------------------------------------------------------
Start IO Insertion
---------------------------------------------------------------------------------
---------------------------------------------------------------------------------
Start Flattening Before IO Insertion
---------------------------------------------------------------------------------
---------------------------------------------------------------------------------
Finished Flattening Before IO Insertion
---------------------------------------------------------------------------------
---------------------------------------------------------------------------------
Start Final Netlist Cleanup
---------------------------------------------------------------------------------
---------------------------------------------------------------------------------
Finished Final Netlist Cleanup
---------------------------------------------------------------------------------
---------------------------------------------------------------------------------
Finished IO Insertion : Time (s): cpu = 00:00:09 ; elapsed = 00:00:18 . Memory (MB): peak = 1416.004 ; gain = 244.559 ; free physical = 2451 ; free virtual = 13740
---------------------------------------------------------------------------------

Report Check Netlist: 
+------+------------------+-------+---------+-------+------------------+
|      |Item              |Errors |Warnings |Status |Description       |
+------+------------------+-------+---------+-------+------------------+
|1     |multi_driven_nets |      0|        0|Passed |Multi driven nets |
+------+------------------+-------+---------+-------+------------------+
---------------------------------------------------------------------------------
Start Renaming Generated Instances
---------------------------------------------------------------------------------
---------------------------------------------------------------------------------
Finished Renaming Generated Instances : Time (s): cpu = 00:00:09 ; elapsed = 00:00:18 . Memory (MB): peak = 1416.004 ; gain = 244.559 ; free physical = 2451 ; free virtual = 13740
---------------------------------------------------------------------------------

Report RTL Partitions: 
+-+--------------+------------+----------+
| |RTL Partition |Replication |Instances |
+-+--------------+------------+----------+
+-+--------------+------------+----------+
---------------------------------------------------------------------------------
Start Rebuilding User Hierarchy
---------------------------------------------------------------------------------
---------------------------------------------------------------------------------
Finished Rebuilding User Hierarchy : Time (s): cpu = 00:00:09 ; elapsed = 00:00:18 . Memory (MB): peak = 1416.004 ; gain = 244.559 ; free physical = 2451 ; free virtual = 13740
---------------------------------------------------------------------------------
---------------------------------------------------------------------------------
Start Renaming Generated Ports
---------------------------------------------------------------------------------
---------------------------------------------------------------------------------
Finished Renaming Generated Ports : Time (s): cpu = 00:00:09 ; elapsed = 00:00:18 . Memory (MB): peak = 1416.004 ; gain = 244.559 ; free physical = 2451 ; free virtual = 13740
---------------------------------------------------------------------------------
---------------------------------------------------------------------------------
Start Handling Custom Attributes
---------------------------------------------------------------------------------
---------------------------------------------------------------------------------
Finished Handling Custom Attributes : Time (s): cpu = 00:00:09 ; elapsed = 00:00:18 . Memory (MB): peak = 1416.004 ; gain = 244.559 ; free physical = 2451 ; free virtual = 13740
---------------------------------------------------------------------------------
---------------------------------------------------------------------------------
Start Renaming Generated Nets
---------------------------------------------------------------------------------
---------------------------------------------------------------------------------
Finished Renaming Generated Nets : Time (s): cpu = 00:00:09 ; elapsed = 00:00:18 . Memory (MB): peak = 1416.004 ; gain = 244.559 ; free physical = 2451 ; free virtual = 13740
---------------------------------------------------------------------------------
---------------------------------------------------------------------------------
Start Writing Synthesis Report
---------------------------------------------------------------------------------

Report BlackBoxes: 
+-+--------------+----------+
| |BlackBox name |Instances |
+-+--------------+----------+
+-+--------------+----------+

Report Cell Usage: 
+-+-----+------+
| |Cell |Count |
+-+-----+------+
+-+-----+------+

Report Instance Areas: 
+------+---------+-------+------+
|      |Instance |Module |Cells |
+------+---------+-------+------+
|1     |top      |       |     0|
+------+---------+-------+------+
---------------------------------------------------------------------------------
Finished Writing Synthesis Report : Time (s): cpu = 00:00:09 ; elapsed = 00:00:18 . Memory (MB): peak = 1416.004 ; gain = 244.559 ; free physical = 2451 ; free virtual = 13740
---------------------------------------------------------------------------------
Synthesis finished with 0 errors, 0 critical warnings and 245 warnings.
Synthesis Optimization Runtime : Time (s): cpu = 00:00:09 ; elapsed = 00:00:18 . Memory (MB): peak = 1416.004 ; gain = 244.559 ; free physical = 2451 ; free virtual = 13740
Synthesis Optimization Complete : Time (s): cpu = 00:00:09 ; elapsed = 00:00:18 . Memory (MB): peak = 1416.012 ; gain = 244.559 ; free physical = 2458 ; free virtual = 13748
INFO: [Project 1-571] Translating synthesized netlist
INFO: [Project 1-570] Preparing netlist for logic optimization
INFO: [Opt 31-138] Pushed 0 inverter(s) to 0 load pin(s).
INFO: [Project 1-111] Unisim Transformation Summary:
No Unisim elements were transformed.

INFO: [Common 17-83] Releasing license: Synthesis
24 Infos, 121 Warnings, 0 Critical Warnings and 0 Errors encountered.
synth_design completed successfully
synth_design: Time (s): cpu = 00:00:11 ; elapsed = 00:00:20 . Memory (MB): peak = 1498.027 ; gain = 338.207 ; free physical = 2417 ; free virtual = 13720
WARNING: [Constraints 18-5210] No constraint will be written out.
INFO: [Common 17-1381] The checkpoint '/home/mecaliff/Bureau/4A/S8/PSI/Processeur/Processeur.runs/synth_1/Processeur.dcp' has been generated.
INFO: [runtcl-4] Executing : report_utilization -file Processeur_utilization_synth.rpt -pb Processeur_utilization_synth.pb
report_utilization: Time (s): cpu = 00:00:00.07 ; elapsed = 00:00:00.13 . Memory (MB): peak = 1522.039 ; gain = 0.000 ; free physical = 2415 ; free virtual = 13719
INFO: [Common 17-206] Exiting Vivado at Wed May 24 10:29:01 2023...
