
*** Running vivado
    with args -log data_memory.vds -m64 -product Vivado -mode batch -messageDb vivado.pb -notrace -source data_memory.tcl


****** Vivado v2018.2 (64-bit)
  **** SW Build 2258646 on Thu Jun 14 20:02:38 MDT 2018
  **** IP Build 2256618 on Thu Jun 14 22:10:49 MDT 2018
    ** Copyright 1986-2018 Xilinx, Inc. All Rights Reserved.

source data_memory.tcl -notrace
Command: synth_design -top data_memory -part xc7a35tcpg236-1
Starting synth_design
Attempting to get a license for feature 'Synthesis' and/or device 'xc7a35t'
INFO: [Common 17-349] Got license for feature 'Synthesis' and/or device 'xc7a35t'
INFO: Launching helper process for spawning children vivado processes
INFO: Helper process launched with PID 16539 
---------------------------------------------------------------------------------
Starting RTL Elaboration : Time (s): cpu = 00:00:01 ; elapsed = 00:00:02 . Memory (MB): peak = 1255.273 ; gain = 83.699 ; free physical = 57404 ; free virtual = 69927
---------------------------------------------------------------------------------
INFO: [Synth 8-638] synthesizing module 'data_memory' [/home/mecaliff/Bureau/4A/S8/PSI/Processeur/processeur_psi.srcs/sources_1/new/Data_mem.vhd:43]
INFO: [Synth 8-256] done synthesizing module 'data_memory' (1#1) [/home/mecaliff/Bureau/4A/S8/PSI/Processeur/processeur_psi.srcs/sources_1/new/Data_mem.vhd:43]
---------------------------------------------------------------------------------
Finished RTL Elaboration : Time (s): cpu = 00:00:02 ; elapsed = 00:00:03 . Memory (MB): peak = 1309.898 ; gain = 138.324 ; free physical = 57401 ; free virtual = 69924
---------------------------------------------------------------------------------

Report Check Netlist: 
+------+------------------+-------+---------+-------+------------------+
|      |Item              |Errors |Warnings |Status |Description       |
+------+------------------+-------+---------+-------+------------------+
|1     |multi_driven_nets |      0|        0|Passed |Multi driven nets |
+------+------------------+-------+---------+-------+------------------+
---------------------------------------------------------------------------------
Start Handling Custom Attributes
---------------------------------------------------------------------------------
---------------------------------------------------------------------------------
Finished Handling Custom Attributes : Time (s): cpu = 00:00:02 ; elapsed = 00:00:03 . Memory (MB): peak = 1309.898 ; gain = 138.324 ; free physical = 57402 ; free virtual = 69934
---------------------------------------------------------------------------------
---------------------------------------------------------------------------------
Finished RTL Optimization Phase 1 : Time (s): cpu = 00:00:02 ; elapsed = 00:00:03 . Memory (MB): peak = 1309.898 ; gain = 138.324 ; free physical = 57402 ; free virtual = 69934
---------------------------------------------------------------------------------
INFO: [Device 21-403] Loading part xc7a35tcpg236-1
INFO: [Project 1-570] Preparing netlist for logic optimization

Processing XDC Constraints
Initializing timing engine
Parsing XDC File [/home/caylagin/Bureau/PSI/PSI/Processeur/processeur_psi.srcs/constrs_1/new/ALU.xdc]
Finished Parsing XDC File [/home/caylagin/Bureau/PSI/PSI/Processeur/processeur_psi.srcs/constrs_1/new/ALU.xdc]
Completed Processing XDC Constraints

INFO: [Project 1-111] Unisim Transformation Summary:
No Unisim elements were transformed.

WARNING: [Constraints 18-5210] No constraint will be written out.
Constraint Validation Runtime : Time (s): cpu = 00:00:00.04 ; elapsed = 00:00:00.07 . Memory (MB): peak = 1662.297 ; gain = 1.000 ; free physical = 57155 ; free virtual = 69679
---------------------------------------------------------------------------------
Finished Constraint Validation : Time (s): cpu = 00:00:09 ; elapsed = 00:00:20 . Memory (MB): peak = 1662.297 ; gain = 490.723 ; free physical = 57223 ; free virtual = 69747
---------------------------------------------------------------------------------
---------------------------------------------------------------------------------
Start Loading Part and Timing Information
---------------------------------------------------------------------------------
Loading part: xc7a35tcpg236-1
---------------------------------------------------------------------------------
Finished Loading Part and Timing Information : Time (s): cpu = 00:00:09 ; elapsed = 00:00:20 . Memory (MB): peak = 1662.297 ; gain = 490.723 ; free physical = 57223 ; free virtual = 69747
---------------------------------------------------------------------------------
---------------------------------------------------------------------------------
Start Applying 'set_property' XDC Constraints
---------------------------------------------------------------------------------
---------------------------------------------------------------------------------
Finished applying 'set_property' XDC Constraints : Time (s): cpu = 00:00:09 ; elapsed = 00:00:20 . Memory (MB): peak = 1662.297 ; gain = 490.723 ; free physical = 57224 ; free virtual = 69748
---------------------------------------------------------------------------------
INFO: [Synth 8-5546] ROM "memory_reg[255]" won't be mapped to RAM because it is too sparse
INFO: [Synth 8-5546] ROM "memory_reg[254]" won't be mapped to RAM because it is too sparse
INFO: [Synth 8-5546] ROM "memory_reg[253]" won't be mapped to RAM because it is too sparse
INFO: [Synth 8-5546] ROM "memory_reg[252]" won't be mapped to RAM because it is too sparse
INFO: [Synth 8-5546] ROM "memory_reg[251]" won't be mapped to RAM because it is too sparse
INFO: [Synth 8-5546] ROM "memory_reg[250]" won't be mapped to RAM because it is too sparse
INFO: [Synth 8-5546] ROM "memory_reg[249]" won't be mapped to RAM because it is too sparse
INFO: [Synth 8-5546] ROM "memory_reg[248]" won't be mapped to RAM because it is too sparse
INFO: [Synth 8-5546] ROM "memory_reg[247]" won't be mapped to RAM because it is too sparse
INFO: [Synth 8-5546] ROM "memory_reg[246]" won't be mapped to RAM because it is too sparse
INFO: [Synth 8-5546] ROM "memory_reg[245]" won't be mapped to RAM because it is too sparse
INFO: [Synth 8-5546] ROM "memory_reg[244]" won't be mapped to RAM because it is too sparse
INFO: [Synth 8-5546] ROM "memory_reg[243]" won't be mapped to RAM because it is too sparse
INFO: [Synth 8-5546] ROM "memory_reg[242]" won't be mapped to RAM because it is too sparse
INFO: [Synth 8-5546] ROM "memory_reg[241]" won't be mapped to RAM because it is too sparse
INFO: [Synth 8-5546] ROM "memory_reg[240]" won't be mapped to RAM because it is too sparse
INFO: [Synth 8-5546] ROM "memory_reg[239]" won't be mapped to RAM because it is too sparse
INFO: [Synth 8-5546] ROM "memory_reg[238]" won't be mapped to RAM because it is too sparse
INFO: [Synth 8-5546] ROM "memory_reg[237]" won't be mapped to RAM because it is too sparse
INFO: [Synth 8-5546] ROM "memory_reg[236]" won't be mapped to RAM because it is too sparse
INFO: [Synth 8-5546] ROM "memory_reg[235]" won't be mapped to RAM because it is too sparse
INFO: [Synth 8-5546] ROM "memory_reg[234]" won't be mapped to RAM because it is too sparse
INFO: [Synth 8-5546] ROM "memory_reg[233]" won't be mapped to RAM because it is too sparse
INFO: [Synth 8-5546] ROM "memory_reg[232]" won't be mapped to RAM because it is too sparse
INFO: [Synth 8-5546] ROM "memory_reg[231]" won't be mapped to RAM because it is too sparse
INFO: [Synth 8-5546] ROM "memory_reg[230]" won't be mapped to RAM because it is too sparse
INFO: [Synth 8-5546] ROM "memory_reg[229]" won't be mapped to RAM because it is too sparse
INFO: [Synth 8-5546] ROM "memory_reg[228]" won't be mapped to RAM because it is too sparse
INFO: [Synth 8-5546] ROM "memory_reg[227]" won't be mapped to RAM because it is too sparse
INFO: [Synth 8-5546] ROM "memory_reg[226]" won't be mapped to RAM because it is too sparse
INFO: [Synth 8-5546] ROM "memory_reg[225]" won't be mapped to RAM because it is too sparse
INFO: [Synth 8-5546] ROM "memory_reg[224]" won't be mapped to RAM because it is too sparse
INFO: [Synth 8-5546] ROM "memory_reg[223]" won't be mapped to RAM because it is too sparse
INFO: [Synth 8-5546] ROM "memory_reg[222]" won't be mapped to RAM because it is too sparse
INFO: [Synth 8-5546] ROM "memory_reg[221]" won't be mapped to RAM because it is too sparse
INFO: [Synth 8-5546] ROM "memory_reg[220]" won't be mapped to RAM because it is too sparse
INFO: [Synth 8-5546] ROM "memory_reg[219]" won't be mapped to RAM because it is too sparse
INFO: [Synth 8-5546] ROM "memory_reg[218]" won't be mapped to RAM because it is too sparse
INFO: [Synth 8-5546] ROM "memory_reg[217]" won't be mapped to RAM because it is too sparse
INFO: [Synth 8-5546] ROM "memory_reg[216]" won't be mapped to RAM because it is too sparse
INFO: [Synth 8-5546] ROM "memory_reg[215]" won't be mapped to RAM because it is too sparse
INFO: [Synth 8-5546] ROM "memory_reg[214]" won't be mapped to RAM because it is too sparse
INFO: [Synth 8-5546] ROM "memory_reg[213]" won't be mapped to RAM because it is too sparse
INFO: [Synth 8-5546] ROM "memory_reg[212]" won't be mapped to RAM because it is too sparse
INFO: [Synth 8-5546] ROM "memory_reg[211]" won't be mapped to RAM because it is too sparse
INFO: [Synth 8-5546] ROM "memory_reg[210]" won't be mapped to RAM because it is too sparse
INFO: [Synth 8-5546] ROM "memory_reg[209]" won't be mapped to RAM because it is too sparse
INFO: [Synth 8-5546] ROM "memory_reg[208]" won't be mapped to RAM because it is too sparse
INFO: [Synth 8-5546] ROM "memory_reg[207]" won't be mapped to RAM because it is too sparse
INFO: [Synth 8-5546] ROM "memory_reg[206]" won't be mapped to RAM because it is too sparse
INFO: [Synth 8-5546] ROM "memory_reg[205]" won't be mapped to RAM because it is too sparse
INFO: [Synth 8-5546] ROM "memory_reg[204]" won't be mapped to RAM because it is too sparse
INFO: [Synth 8-5546] ROM "memory_reg[203]" won't be mapped to RAM because it is too sparse
INFO: [Synth 8-5546] ROM "memory_reg[202]" won't be mapped to RAM because it is too sparse
INFO: [Synth 8-5546] ROM "memory_reg[201]" won't be mapped to RAM because it is too sparse
INFO: [Synth 8-5546] ROM "memory_reg[200]" won't be mapped to RAM because it is too sparse
INFO: [Synth 8-5546] ROM "memory_reg[199]" won't be mapped to RAM because it is too sparse
INFO: [Synth 8-5546] ROM "memory_reg[198]" won't be mapped to RAM because it is too sparse
INFO: [Synth 8-5546] ROM "memory_reg[197]" won't be mapped to RAM because it is too sparse
INFO: [Synth 8-5546] ROM "memory_reg[196]" won't be mapped to RAM because it is too sparse
INFO: [Synth 8-5546] ROM "memory_reg[195]" won't be mapped to RAM because it is too sparse
INFO: [Synth 8-5546] ROM "memory_reg[194]" won't be mapped to RAM because it is too sparse
INFO: [Synth 8-5546] ROM "memory_reg[193]" won't be mapped to RAM because it is too sparse
INFO: [Synth 8-5546] ROM "memory_reg[192]" won't be mapped to RAM because it is too sparse
INFO: [Synth 8-5546] ROM "memory_reg[191]" won't be mapped to RAM because it is too sparse
INFO: [Synth 8-5546] ROM "memory_reg[190]" won't be mapped to RAM because it is too sparse
INFO: [Synth 8-5546] ROM "memory_reg[189]" won't be mapped to RAM because it is too sparse
INFO: [Synth 8-5546] ROM "memory_reg[188]" won't be mapped to RAM because it is too sparse
INFO: [Synth 8-5546] ROM "memory_reg[187]" won't be mapped to RAM because it is too sparse
INFO: [Synth 8-5546] ROM "memory_reg[186]" won't be mapped to RAM because it is too sparse
INFO: [Synth 8-5546] ROM "memory_reg[185]" won't be mapped to RAM because it is too sparse
INFO: [Synth 8-5546] ROM "memory_reg[184]" won't be mapped to RAM because it is too sparse
INFO: [Synth 8-5546] ROM "memory_reg[183]" won't be mapped to RAM because it is too sparse
INFO: [Synth 8-5546] ROM "memory_reg[182]" won't be mapped to RAM because it is too sparse
INFO: [Synth 8-5546] ROM "memory_reg[181]" won't be mapped to RAM because it is too sparse
INFO: [Synth 8-5546] ROM "memory_reg[180]" won't be mapped to RAM because it is too sparse
INFO: [Synth 8-5546] ROM "memory_reg[179]" won't be mapped to RAM because it is too sparse
INFO: [Synth 8-5546] ROM "memory_reg[178]" won't be mapped to RAM because it is too sparse
INFO: [Synth 8-5546] ROM "memory_reg[177]" won't be mapped to RAM because it is too sparse
INFO: [Synth 8-5546] ROM "memory_reg[176]" won't be mapped to RAM because it is too sparse
INFO: [Synth 8-5546] ROM "memory_reg[175]" won't be mapped to RAM because it is too sparse
INFO: [Synth 8-5546] ROM "memory_reg[174]" won't be mapped to RAM because it is too sparse
INFO: [Synth 8-5546] ROM "memory_reg[173]" won't be mapped to RAM because it is too sparse
INFO: [Synth 8-5546] ROM "memory_reg[172]" won't be mapped to RAM because it is too sparse
INFO: [Synth 8-5546] ROM "memory_reg[171]" won't be mapped to RAM because it is too sparse
INFO: [Synth 8-5546] ROM "memory_reg[170]" won't be mapped to RAM because it is too sparse
INFO: [Synth 8-5546] ROM "memory_reg[169]" won't be mapped to RAM because it is too sparse
INFO: [Synth 8-5546] ROM "memory_reg[168]" won't be mapped to RAM because it is too sparse
INFO: [Synth 8-5546] ROM "memory_reg[167]" won't be mapped to RAM because it is too sparse
INFO: [Synth 8-5546] ROM "memory_reg[166]" won't be mapped to RAM because it is too sparse
INFO: [Synth 8-5546] ROM "memory_reg[165]" won't be mapped to RAM because it is too sparse
INFO: [Synth 8-5546] ROM "memory_reg[164]" won't be mapped to RAM because it is too sparse
INFO: [Synth 8-5546] ROM "memory_reg[163]" won't be mapped to RAM because it is too sparse
INFO: [Synth 8-5546] ROM "memory_reg[162]" won't be mapped to RAM because it is too sparse
INFO: [Synth 8-5546] ROM "memory_reg[161]" won't be mapped to RAM because it is too sparse
INFO: [Synth 8-5546] ROM "memory_reg[160]" won't be mapped to RAM because it is too sparse
INFO: [Synth 8-5546] ROM "memory_reg[159]" won't be mapped to RAM because it is too sparse
INFO: [Synth 8-5546] ROM "memory_reg[158]" won't be mapped to RAM because it is too sparse
INFO: [Synth 8-5546] ROM "memory_reg[157]" won't be mapped to RAM because it is too sparse
INFO: [Synth 8-5546] ROM "memory_reg[156]" won't be mapped to RAM because it is too sparse
INFO: [Common 17-14] Message 'Synth 8-5546' appears 100 times and further instances of the messages will be disabled. Use the Tcl command set_msg_config to change the current settings.
---------------------------------------------------------------------------------
Finished RTL Optimization Phase 2 : Time (s): cpu = 00:00:10 ; elapsed = 00:00:21 . Memory (MB): peak = 1662.297 ; gain = 490.723 ; free physical = 57202 ; free virtual = 69726
---------------------------------------------------------------------------------

Report RTL Partitions: 
+-+--------------+------------+----------+
| |RTL Partition |Replication |Instances |
+-+--------------+------------+----------+
+-+--------------+------------+----------+
---------------------------------------------------------------------------------
Start RTL Component Statistics 
---------------------------------------------------------------------------------
Detailed RTL Component Info : 
+---Registers : 
	                8 Bit    Registers := 257   
+---Muxes : 
	   2 Input      1 Bit        Muxes := 256   
---------------------------------------------------------------------------------
Finished RTL Component Statistics 
---------------------------------------------------------------------------------
---------------------------------------------------------------------------------
Start RTL Hierarchical Component Statistics 
---------------------------------------------------------------------------------
Hierarchical RTL Component report 
Module data_memory 
Detailed RTL Component Info : 
+---Registers : 
	                8 Bit    Registers := 257   
+---Muxes : 
	   2 Input      1 Bit        Muxes := 256   
---------------------------------------------------------------------------------
Finished RTL Hierarchical Component Statistics
---------------------------------------------------------------------------------
---------------------------------------------------------------------------------
Start Part Resource Summary
---------------------------------------------------------------------------------
Part Resources:
DSPs: 90 (col length:60)
BRAMs: 100 (col length: RAMB18 60 RAMB36 30)
---------------------------------------------------------------------------------
Finished Part Resource Summary
---------------------------------------------------------------------------------
---------------------------------------------------------------------------------
Start Cross Boundary and Area Optimization
---------------------------------------------------------------------------------
Warning: Parallel synthesis criteria is not met 
---------------------------------------------------------------------------------
Finished Cross Boundary and Area Optimization : Time (s): cpu = 00:00:13 ; elapsed = 00:00:25 . Memory (MB): peak = 1662.297 ; gain = 490.723 ; free physical = 57172 ; free virtual = 69700
---------------------------------------------------------------------------------

Report RTL Partitions: 
+-+--------------+------------+----------+
| |RTL Partition |Replication |Instances |
+-+--------------+------------+----------+
+-+--------------+------------+----------+
---------------------------------------------------------------------------------
Start Applying XDC Timing Constraints
---------------------------------------------------------------------------------
---------------------------------------------------------------------------------
Finished Applying XDC Timing Constraints : Time (s): cpu = 00:00:17 ; elapsed = 00:00:31 . Memory (MB): peak = 1662.297 ; gain = 490.723 ; free physical = 57068 ; free virtual = 69596
---------------------------------------------------------------------------------
---------------------------------------------------------------------------------
Start Timing Optimization
---------------------------------------------------------------------------------
---------------------------------------------------------------------------------
Finished Timing Optimization : Time (s): cpu = 00:00:18 ; elapsed = 00:00:32 . Memory (MB): peak = 1662.297 ; gain = 490.723 ; free physical = 57066 ; free virtual = 69594
---------------------------------------------------------------------------------

Report RTL Partitions: 
+-+--------------+------------+----------+
| |RTL Partition |Replication |Instances |
+-+--------------+------------+----------+
+-+--------------+------------+----------+
---------------------------------------------------------------------------------
Start Technology Mapping
---------------------------------------------------------------------------------
---------------------------------------------------------------------------------
Finished Technology Mapping : Time (s): cpu = 00:00:18 ; elapsed = 00:00:32 . Memory (MB): peak = 1662.297 ; gain = 490.723 ; free physical = 57048 ; free virtual = 69576
---------------------------------------------------------------------------------

Report RTL Partitions: 
+-+--------------+------------+----------+
| |RTL Partition |Replication |Instances |
+-+--------------+------------+----------+
+-+--------------+------------+----------+
---------------------------------------------------------------------------------
Start IO Insertion
---------------------------------------------------------------------------------
---------------------------------------------------------------------------------
Start Flattening Before IO Insertion
---------------------------------------------------------------------------------
---------------------------------------------------------------------------------
Finished Flattening Before IO Insertion
---------------------------------------------------------------------------------
---------------------------------------------------------------------------------
Start Final Netlist Cleanup
---------------------------------------------------------------------------------
---------------------------------------------------------------------------------
Finished Final Netlist Cleanup
---------------------------------------------------------------------------------
---------------------------------------------------------------------------------
Finished IO Insertion : Time (s): cpu = 00:00:18 ; elapsed = 00:00:32 . Memory (MB): peak = 1662.297 ; gain = 490.723 ; free physical = 57048 ; free virtual = 69577
---------------------------------------------------------------------------------

Report Check Netlist: 
+------+------------------+-------+---------+-------+------------------+
|      |Item              |Errors |Warnings |Status |Description       |
+------+------------------+-------+---------+-------+------------------+
|1     |multi_driven_nets |      0|        0|Passed |Multi driven nets |
+------+------------------+-------+---------+-------+------------------+
---------------------------------------------------------------------------------
Start Renaming Generated Instances
---------------------------------------------------------------------------------
---------------------------------------------------------------------------------
Finished Renaming Generated Instances : Time (s): cpu = 00:00:18 ; elapsed = 00:00:32 . Memory (MB): peak = 1662.297 ; gain = 490.723 ; free physical = 57048 ; free virtual = 69577
---------------------------------------------------------------------------------

Report RTL Partitions: 
+-+--------------+------------+----------+
| |RTL Partition |Replication |Instances |
+-+--------------+------------+----------+
+-+--------------+------------+----------+
---------------------------------------------------------------------------------
Start Rebuilding User Hierarchy
---------------------------------------------------------------------------------
---------------------------------------------------------------------------------
Finished Rebuilding User Hierarchy : Time (s): cpu = 00:00:18 ; elapsed = 00:00:33 . Memory (MB): peak = 1662.297 ; gain = 490.723 ; free physical = 57048 ; free virtual = 69577
---------------------------------------------------------------------------------
---------------------------------------------------------------------------------
Start Renaming Generated Ports
---------------------------------------------------------------------------------
---------------------------------------------------------------------------------
Finished Renaming Generated Ports : Time (s): cpu = 00:00:18 ; elapsed = 00:00:33 . Memory (MB): peak = 1662.297 ; gain = 490.723 ; free physical = 57048 ; free virtual = 69577
---------------------------------------------------------------------------------
---------------------------------------------------------------------------------
Start Handling Custom Attributes
---------------------------------------------------------------------------------
---------------------------------------------------------------------------------
Finished Handling Custom Attributes : Time (s): cpu = 00:00:18 ; elapsed = 00:00:33 . Memory (MB): peak = 1662.297 ; gain = 490.723 ; free physical = 57048 ; free virtual = 69577
---------------------------------------------------------------------------------
---------------------------------------------------------------------------------
Start Renaming Generated Nets
---------------------------------------------------------------------------------
---------------------------------------------------------------------------------
Finished Renaming Generated Nets : Time (s): cpu = 00:00:18 ; elapsed = 00:00:33 . Memory (MB): peak = 1662.297 ; gain = 490.723 ; free physical = 57048 ; free virtual = 69577
---------------------------------------------------------------------------------
---------------------------------------------------------------------------------
Start Writing Synthesis Report
---------------------------------------------------------------------------------

Report BlackBoxes: 
+-+--------------+----------+
| |BlackBox name |Instances |
+-+--------------+----------+
+-+--------------+----------+

Report Cell Usage: 
+------+------+------+
|      |Cell  |Count |
+------+------+------+
|1     |BUFG  |     1|
|2     |LUT1  |     1|
|3     |LUT2  |    51|
|4     |LUT4  |    30|
|5     |LUT6  |   800|
|6     |MUXF7 |   272|
|7     |MUXF8 |   136|
|8     |FDRE  |  2056|
|9     |IBUF  |    19|
|10    |OBUF  |     8|
+------+------+------+

Report Instance Areas: 
+------+---------+-------+------+
|      |Instance |Module |Cells |
+------+---------+-------+------+
|1     |top      |       |  3374|
+------+---------+-------+------+
---------------------------------------------------------------------------------
Finished Writing Synthesis Report : Time (s): cpu = 00:00:19 ; elapsed = 00:00:33 . Memory (MB): peak = 1662.297 ; gain = 490.723 ; free physical = 57048 ; free virtual = 69577
---------------------------------------------------------------------------------
Synthesis finished with 0 errors, 0 critical warnings and 0 warnings.
Synthesis Optimization Runtime : Time (s): cpu = 00:00:13 ; elapsed = 00:00:18 . Memory (MB): peak = 1662.297 ; gain = 138.324 ; free physical = 57110 ; free virtual = 69638
Synthesis Optimization Complete : Time (s): cpu = 00:00:19 ; elapsed = 00:00:33 . Memory (MB): peak = 1662.297 ; gain = 490.723 ; free physical = 57125 ; free virtual = 69653
INFO: [Project 1-571] Translating synthesized netlist
INFO: [Netlist 29-17] Analyzing 427 Unisim elements for replacement
INFO: [Netlist 29-28] Unisim Transformation completed in 0 CPU seconds
WARNING: [Netlist 29-101] Netlist 'data_memory' is not ideal for floorplanning, since the cellview 'data_memory' contains a large number of primitives.  Please consider enabling hierarchy in synthesis if you want to do floorplanning.
INFO: [Project 1-570] Preparing netlist for logic optimization
INFO: [Opt 31-138] Pushed 0 inverter(s) to 0 load pin(s).
INFO: [Project 1-111] Unisim Transformation Summary:
No Unisim elements were transformed.

INFO: [Common 17-83] Releasing license: Synthesis
114 Infos, 2 Warnings, 0 Critical Warnings and 0 Errors encountered.
synth_design completed successfully
synth_design: Time (s): cpu = 00:00:20 ; elapsed = 00:00:34 . Memory (MB): peak = 1662.297 ; gain = 502.477 ; free physical = 57106 ; free virtual = 69634
WARNING: [Constraints 18-5210] No constraint will be written out.
INFO: [Common 17-1381] The checkpoint '/home/mecaliff/Bureau/4A/S8/PSI/Processeur/processeur_psi.runs/synth_1/data_memory.dcp' has been generated.
INFO: [runtcl-4] Executing : report_utilization -file data_memory_utilization_synth.rpt -pb data_memory_utilization_synth.pb
report_utilization: Time (s): cpu = 00:00:00.07 ; elapsed = 00:00:00.16 . Memory (MB): peak = 1686.309 ; gain = 0.000 ; free physical = 57110 ; free virtual = 69639
INFO: [Common 17-206] Exiting Vivado at Wed May 17 11:39:26 2023...
